
code.elf:     file format elf32-avr


Disassembly of section .text:

00000000 <__vectors>:
       0:	0c 94 a5 01 	jmp	0x34a	; 0x34a <__ctors_end>
       4:	0c 94 c2 01 	jmp	0x384	; 0x384 <__bad_interrupt>
       8:	0c 94 c2 01 	jmp	0x384	; 0x384 <__bad_interrupt>
       c:	0c 94 c2 01 	jmp	0x384	; 0x384 <__bad_interrupt>
      10:	0c 94 c2 01 	jmp	0x384	; 0x384 <__bad_interrupt>
      14:	0c 94 c2 01 	jmp	0x384	; 0x384 <__bad_interrupt>
      18:	0c 94 c2 01 	jmp	0x384	; 0x384 <__bad_interrupt>
      1c:	0c 94 c2 01 	jmp	0x384	; 0x384 <__bad_interrupt>
      20:	0c 94 c2 01 	jmp	0x384	; 0x384 <__bad_interrupt>
      24:	0c 94 c2 01 	jmp	0x384	; 0x384 <__bad_interrupt>
      28:	0c 94 c2 01 	jmp	0x384	; 0x384 <__bad_interrupt>
      2c:	0c 94 c2 01 	jmp	0x384	; 0x384 <__bad_interrupt>
      30:	0c 94 c2 01 	jmp	0x384	; 0x384 <__bad_interrupt>
      34:	0c 94 c2 01 	jmp	0x384	; 0x384 <__bad_interrupt>
      38:	0c 94 c2 01 	jmp	0x384	; 0x384 <__bad_interrupt>
      3c:	0c 94 c2 01 	jmp	0x384	; 0x384 <__bad_interrupt>
      40:	0c 94 c2 01 	jmp	0x384	; 0x384 <__bad_interrupt>
      44:	0c 94 c2 01 	jmp	0x384	; 0x384 <__bad_interrupt>
      48:	0c 94 c2 01 	jmp	0x384	; 0x384 <__bad_interrupt>
      4c:	0c 94 c2 01 	jmp	0x384	; 0x384 <__bad_interrupt>
      50:	0c 94 c2 01 	jmp	0x384	; 0x384 <__bad_interrupt>
      54:	0c 94 c2 01 	jmp	0x384	; 0x384 <__bad_interrupt>
      58:	0c 94 c2 01 	jmp	0x384	; 0x384 <__bad_interrupt>
      5c:	0c 94 c2 01 	jmp	0x384	; 0x384 <__bad_interrupt>
      60:	0c 94 c2 01 	jmp	0x384	; 0x384 <__bad_interrupt>
      64:	0c 94 c2 01 	jmp	0x384	; 0x384 <__bad_interrupt>

00000068 <__c.0>:
      68:	6e 61 6e 00                                         nan.

0000006c <__c.1>:
      6c:	69 6e 66 00 00 40 7a 10 f3 5a 00 a0 72 4e 18 09     inf..@z..Z..rN..
      7c:	00 10 a5 d4 e8 00 00 e8 76 48 17 00 00 e4 0b 54     ........vH.....T
      8c:	02 00 00 ca 9a 3b 00 00 00 e1 f5 05 00 00 80 96     .....;..........
      9c:	98 00 00 00 40 42 0f 00 00 00 a0 86 01 00 00 00     ....@B..........
      ac:	10 27 00 00 00 00 e8 03 00 00 00 00 64 00 00 00     .'..........d...
      bc:	00 00 0a 00 00 00 00 00 01 00 00 00 00 00 2c 76     ..............,v
      cc:	d8 88 dc 67 4f 08 23 df c1 df ae 59 e1 b1 b7 96     ...gO.#....Y....
      dc:	e5 e3 e4 53 c6 3a e6 51 99 76 96 e8 e6 c2 84 26     ...S.:.Q.v.....&
      ec:	eb 89 8c 9b 62 ed 40 7c 6f fc ef bc 9c 9f 40 f2     ....b.@|o.....@.
      fc:	ba a5 6f a5 f4 90 05 5a 2a f7 5c 93 6b 6c f9 67     ..o....Z*.\.kl.g
     10c:	6d c1 1b fc e0 e4 0d 47 fe f5 20 e6 b5 00 d0 ed     m......G.. .....
     11c:	90 2e 03 00 94 35 77 05 00 80 84 1e 08 00 00 20     .....5w........ 
     12c:	4e 0a 00 00 00 c8 0c 33 33 33 33 0f 98 6e 12 83     N......3333..n..
     13c:	11 41 ef 8d 21 14 89 3b e6 55 16 cf fe e6 db 18     .A..!..;.U......
     14c:	d1 84 4b 38 1b f7 7c 1d 90 1d a4 bb e4 24 20 32     ..K8..|......$ 2
     15c:	84 72 5e 22 81 00 c9 f1 24 ec a1 e5 3d 27           .r^"....$...='

0000016a <CHARSET>:
     16a:	00 00 00 00 00 00 00 5f 00 00 00 07 00 07 00 14     ......._........
     17a:	7f 14 7f 14 24 2a 7f 2a 12 23 13 08 64 62 36 49     ....$*.*.#..db6I
     18a:	55 22 50 00 05 03 00 00 00 1c 22 41 00 00 41 22     U"P......."A..A"
     19a:	1c 00 14 08 3e 08 14 08 08 3e 08 08 00 50 30 00     ....>....>...P0.
     1aa:	00 08 08 08 08 08 00 60 60 00 00 20 10 08 04 02     .......``.. ....
     1ba:	3e 51 49 45 3e 00 42 7f 40 00 42 61 51 49 46 21     >QIE>.B.@.BaQIF!
     1ca:	41 45 4b 31 18 14 12 7f 10 27 45 45 45 39 3c 4a     AEK1.....'EEE9<J
     1da:	49 49 30 01 71 09 05 03 36 49 49 49 36 06 49 49     II0.q...6III6.II
     1ea:	29 1e 00 36 36 00 00 00 56 36 00 00 08 14 22 41     )..66...V6...."A
     1fa:	00 14 14 14 14 14 00 41 22 14 08 02 01 51 09 06     .......A"....Q..
     20a:	32 49 79 41 3e 7e 11 11 11 7e 7f 49 49 49 36 3e     2IyA>~...~.III6>
     21a:	41 41 41 22 7f 41 41 22 1c 7f 49 49 49 41 7f 09     AAA".AA"..IIIA..
     22a:	09 09 01 3e 41 49 49 7a 7f 08 08 08 7f 00 41 7f     ...>AIIz......A.
     23a:	41 00 20 40 41 3f 01 7f 08 14 22 41 7f 40 40 40     A. @A?...."A.@@@
     24a:	40 7f 02 0c 02 7f 7f 04 08 10 7f 3e 41 41 41 3e     @..........>AAA>
     25a:	7f 09 09 09 06 3e 41 51 21 5e 7f 09 19 29 46 46     .....>AQ!^...)FF
     26a:	49 49 49 31 01 01 7f 01 01 3f 40 40 40 3f 1f 20     III1.....?@@@?. 
     27a:	40 20 1f 3f 40 38 40 3f 63 14 08 14 63 07 08 70     @ .?@8@?c...c..p
     28a:	08 07 61 51 49 45 43 00 7f 41 41 00 02 04 08 10     ..aQIEC..AA.....
     29a:	20 00 41 41 7f 00 04 02 01 02 04 40 40 40 40 40      .AA.......@@@@@
     2aa:	00 01 02 04 00 20 54 54 54 78 7f 48 44 44 38 38     ..... TTTx.HDD88
     2ba:	44 44 44 20 38 44 44 48 7f 38 54 54 54 18 08 7e     DDD 8DDH.8TTT..~
     2ca:	09 01 02 0c 52 52 52 3e 7f 08 04 04 78 00 44 7d     ....RRR>....x.D}
     2da:	40 00 20 40 44 3d 00 7f 10 28 44 00 00 41 7f 40     @. @D=...(D..A.@
     2ea:	00 7c 04 18 04 78 7c 08 04 04 78 38 44 44 44 38     .|...x|...x8DDD8
     2fa:	7c 14 14 14 08 08 14 14 18 7c 7c 08 04 04 08 48     |........||....H
     30a:	54 54 54 20 04 3f 44 40 20 3c 40 40 20 7c 1c 20     TTT .?D@ <@@ |. 
     31a:	40 20 1c 3c 40 30 40 3c 44 28 10 28 44 0c 50 50     @ .<@0@<D(.(D.PP
     32a:	50 3c 44 64 54 4c 44 00 08 36 41 00 00 00 7f 00     P<DdTLD..6A.....
     33a:	00 00 41 36 08 00 10 08 08 10 08 00 00 00 00 00     ..A6............

0000034a <__ctors_end>:
     34a:	11 24       	eor	r1, r1
     34c:	1f be       	out	0x3f, r1	; 63
     34e:	cf ef       	ldi	r28, 0xFF	; 255
     350:	d8 e0       	ldi	r29, 0x08	; 8
     352:	de bf       	out	0x3e, r29	; 62
     354:	cd bf       	out	0x3d, r28	; 61

00000356 <__do_copy_data>:
     356:	11 e0       	ldi	r17, 0x01	; 1
     358:	a0 e0       	ldi	r26, 0x00	; 0
     35a:	b1 e0       	ldi	r27, 0x01	; 1
     35c:	e4 e8       	ldi	r30, 0x84	; 132
     35e:	f1 e1       	ldi	r31, 0x11	; 17
     360:	02 c0       	rjmp	.+4      	; 0x366 <__do_copy_data+0x10>
     362:	05 90       	lpm	r0, Z+
     364:	0d 92       	st	X+, r0
     366:	ae 32       	cpi	r26, 0x2E	; 46
     368:	b1 07       	cpc	r27, r17
     36a:	d9 f7       	brne	.-10     	; 0x362 <__do_copy_data+0xc>

0000036c <__do_clear_bss>:
     36c:	23 e0       	ldi	r18, 0x03	; 3
     36e:	ae e2       	ldi	r26, 0x2E	; 46
     370:	b1 e0       	ldi	r27, 0x01	; 1
     372:	01 c0       	rjmp	.+2      	; 0x376 <.do_clear_bss_start>

00000374 <.do_clear_bss_loop>:
     374:	1d 92       	st	X+, r1

00000376 <.do_clear_bss_start>:
     376:	a8 36       	cpi	r26, 0x68	; 104
     378:	b2 07       	cpc	r27, r18
     37a:	e1 f7       	brne	.-8      	; 0x374 <.do_clear_bss_loop>
     37c:	0e 94 96 06 	call	0xd2c	; 0xd2c <main>
     380:	0c 94 c0 08 	jmp	0x1180	; 0x1180 <_exit>

00000384 <__bad_interrupt>:
     384:	0c 94 00 00 	jmp	0	; 0x0 <__vectors>

00000388 <write>:
     388:	29 98       	cbi	0x05, 1	; 5
     38a:	66 23       	and	r22, r22
     38c:	a9 f0       	breq	.+42     	; 0x3b8 <write+0x30>
     38e:	2b 9a       	sbi	0x05, 3	; 5
     390:	27 e0       	ldi	r18, 0x07	; 7
     392:	30 e0       	ldi	r19, 0x00	; 0
     394:	90 e0       	ldi	r25, 0x00	; 0
     396:	ac 01       	movw	r20, r24
     398:	02 2e       	mov	r0, r18
     39a:	02 c0       	rjmp	.+4      	; 0x3a0 <write+0x18>
     39c:	55 95       	asr	r21
     39e:	47 95       	ror	r20
     3a0:	0a 94       	dec	r0
     3a2:	e2 f7       	brpl	.-8      	; 0x39c <write+0x14>
     3a4:	40 ff       	sbrs	r20, 0
     3a6:	0a c0       	rjmp	.+20     	; 0x3bc <write+0x34>
     3a8:	2c 9a       	sbi	0x05, 4	; 5
     3aa:	2d 9a       	sbi	0x05, 5	; 5
     3ac:	2d 98       	cbi	0x05, 5	; 5
     3ae:	21 50       	subi	r18, 0x01	; 1
     3b0:	31 09       	sbc	r19, r1
     3b2:	88 f7       	brcc	.-30     	; 0x396 <write+0xe>
     3b4:	29 9a       	sbi	0x05, 1	; 5
     3b6:	08 95       	ret
     3b8:	2b 98       	cbi	0x05, 3	; 5
     3ba:	ea cf       	rjmp	.-44     	; 0x390 <write+0x8>
     3bc:	2c 98       	cbi	0x05, 4	; 5
     3be:	f5 cf       	rjmp	.-22     	; 0x3aa <write+0x22>

000003c0 <write_cmd>:
     3c0:	60 e0       	ldi	r22, 0x00	; 0
     3c2:	0c 94 c4 01 	jmp	0x388	; 0x388 <write>

000003c6 <nokia_lcd_init>:
     3c6:	cf 93       	push	r28
     3c8:	df 93       	push	r29
     3ca:	21 9a       	sbi	0x04, 1	; 4
     3cc:	22 9a       	sbi	0x04, 2	; 4
     3ce:	23 9a       	sbi	0x04, 3	; 4
     3d0:	24 9a       	sbi	0x04, 4	; 4
     3d2:	25 9a       	sbi	0x04, 5	; 4
     3d4:	2a 9a       	sbi	0x05, 2	; 5
     3d6:	29 9a       	sbi	0x05, 1	; 5
     3d8:	8f e3       	ldi	r24, 0x3F	; 63
     3da:	9c e9       	ldi	r25, 0x9C	; 156
     3dc:	01 97       	sbiw	r24, 0x01	; 1
     3de:	f1 f7       	brne	.-4      	; 0x3dc <nokia_lcd_init+0x16>
     3e0:	00 c0       	rjmp	.+0      	; 0x3e2 <nokia_lcd_init+0x1c>
     3e2:	00 00       	nop
     3e4:	2a 98       	cbi	0x05, 2	; 5
     3e6:	9f ef       	ldi	r25, 0xFF	; 255
     3e8:	2a e6       	ldi	r18, 0x6A	; 106
     3ea:	83 e0       	ldi	r24, 0x03	; 3
     3ec:	91 50       	subi	r25, 0x01	; 1
     3ee:	20 40       	sbci	r18, 0x00	; 0
     3f0:	80 40       	sbci	r24, 0x00	; 0
     3f2:	e1 f7       	brne	.-8      	; 0x3ec <nokia_lcd_init+0x26>
     3f4:	00 c0       	rjmp	.+0      	; 0x3f6 <nokia_lcd_init+0x30>
     3f6:	00 00       	nop
     3f8:	2a 9a       	sbi	0x05, 2	; 5
     3fa:	29 98       	cbi	0x05, 1	; 5
     3fc:	81 e2       	ldi	r24, 0x21	; 33
     3fe:	0e 94 e0 01 	call	0x3c0	; 0x3c0 <write_cmd>
     402:	83 e1       	ldi	r24, 0x13	; 19
     404:	0e 94 e0 01 	call	0x3c0	; 0x3c0 <write_cmd>
     408:	86 e0       	ldi	r24, 0x06	; 6
     40a:	0e 94 e0 01 	call	0x3c0	; 0x3c0 <write_cmd>
     40e:	82 ec       	ldi	r24, 0xC2	; 194
     410:	0e 94 e0 01 	call	0x3c0	; 0x3c0 <write_cmd>
     414:	80 e2       	ldi	r24, 0x20	; 32
     416:	0e 94 e0 01 	call	0x3c0	; 0x3c0 <write_cmd>
     41a:	89 e0       	ldi	r24, 0x09	; 9
     41c:	0e 94 e0 01 	call	0x3c0	; 0x3c0 <write_cmd>
     420:	80 e8       	ldi	r24, 0x80	; 128
     422:	0e 94 e0 01 	call	0x3c0	; 0x3c0 <write_cmd>
     426:	80 e4       	ldi	r24, 0x40	; 64
     428:	0e 94 e0 01 	call	0x3c0	; 0x3c0 <write_cmd>
     42c:	c8 ef       	ldi	r28, 0xF8	; 248
     42e:	d1 e0       	ldi	r29, 0x01	; 1
     430:	61 e0       	ldi	r22, 0x01	; 1
     432:	80 e0       	ldi	r24, 0x00	; 0
     434:	0e 94 c4 01 	call	0x388	; 0x388 <write>
     438:	21 97       	sbiw	r28, 0x01	; 1
     43a:	d1 f7       	brne	.-12     	; 0x430 <__LOCK_REGION_LENGTH__+0x30>
     43c:	88 e0       	ldi	r24, 0x08	; 8
     43e:	0e 94 e0 01 	call	0x3c0	; 0x3c0 <write_cmd>
     442:	8c e0       	ldi	r24, 0x0C	; 12
     444:	df 91       	pop	r29
     446:	cf 91       	pop	r28
     448:	0c 94 e0 01 	jmp	0x3c0	; 0x3c0 <write_cmd>

0000044c <nokia_lcd_clear>:
     44c:	80 e8       	ldi	r24, 0x80	; 128
     44e:	0e 94 e0 01 	call	0x3c0	; 0x3c0 <write_cmd>
     452:	80 e4       	ldi	r24, 0x40	; 64
     454:	0e 94 e0 01 	call	0x3c0	; 0x3c0 <write_cmd>
     458:	10 92 66 03 	sts	0x0366, r1	; 0x800366 <nokia_lcd+0x1f8>
     45c:	10 92 67 03 	sts	0x0367, r1	; 0x800367 <nokia_lcd+0x1f9>
     460:	ee e6       	ldi	r30, 0x6E	; 110
     462:	f1 e0       	ldi	r31, 0x01	; 1
     464:	88 ef       	ldi	r24, 0xF8	; 248
     466:	91 e0       	ldi	r25, 0x01	; 1
     468:	df 01       	movw	r26, r30
     46a:	9c 01       	movw	r18, r24
     46c:	1d 92       	st	X+, r1
     46e:	21 50       	subi	r18, 0x01	; 1
     470:	30 40       	sbci	r19, 0x00	; 0
     472:	e1 f7       	brne	.-8      	; 0x46c <nokia_lcd_clear+0x20>
     474:	08 95       	ret

00000476 <nokia_lcd_power>:
     476:	81 11       	cpse	r24, r1
     478:	03 c0       	rjmp	.+6      	; 0x480 <nokia_lcd_power+0xa>
     47a:	84 e2       	ldi	r24, 0x24	; 36
     47c:	0c 94 e0 01 	jmp	0x3c0	; 0x3c0 <write_cmd>
     480:	80 e2       	ldi	r24, 0x20	; 32
     482:	fc cf       	rjmp	.-8      	; 0x47c <nokia_lcd_power+0x6>

00000484 <nokia_lcd_set_pixel>:
     484:	96 2f       	mov	r25, r22
     486:	96 95       	lsr	r25
     488:	96 95       	lsr	r25
     48a:	96 95       	lsr	r25
     48c:	e8 2f       	mov	r30, r24
     48e:	f0 e0       	ldi	r31, 0x00	; 0
     490:	84 e5       	ldi	r24, 0x54	; 84
     492:	98 9f       	mul	r25, r24
     494:	e0 0d       	add	r30, r0
     496:	f1 1d       	adc	r31, r1
     498:	11 24       	eor	r1, r1
     49a:	e2 59       	subi	r30, 0x92	; 146
     49c:	fe 4f       	sbci	r31, 0xFE	; 254
     49e:	20 81       	ld	r18, Z
     4a0:	67 70       	andi	r22, 0x07	; 7
     4a2:	81 e0       	ldi	r24, 0x01	; 1
     4a4:	90 e0       	ldi	r25, 0x00	; 0
     4a6:	01 c0       	rjmp	.+2      	; 0x4aa <nokia_lcd_set_pixel+0x26>
     4a8:	88 0f       	add	r24, r24
     4aa:	6a 95       	dec	r22
     4ac:	ea f7       	brpl	.-6      	; 0x4a8 <nokia_lcd_set_pixel+0x24>
     4ae:	44 23       	and	r20, r20
     4b0:	19 f0       	breq	.+6      	; 0x4b8 <nokia_lcd_set_pixel+0x34>
     4b2:	28 2b       	or	r18, r24
     4b4:	20 83       	st	Z, r18
     4b6:	08 95       	ret
     4b8:	80 95       	com	r24
     4ba:	28 23       	and	r18, r24
     4bc:	fb cf       	rjmp	.-10     	; 0x4b4 <nokia_lcd_set_pixel+0x30>

000004be <nokia_lcd_write_char>:
     4be:	8f 92       	push	r8
     4c0:	9f 92       	push	r9
     4c2:	af 92       	push	r10
     4c4:	bf 92       	push	r11
     4c6:	df 92       	push	r13
     4c8:	ef 92       	push	r14
     4ca:	ff 92       	push	r15
     4cc:	0f 93       	push	r16
     4ce:	1f 93       	push	r17
     4d0:	cf 93       	push	r28
     4d2:	df 93       	push	r29
     4d4:	00 d0       	rcall	.+0      	; 0x4d6 <nokia_lcd_write_char+0x18>
     4d6:	00 d0       	rcall	.+0      	; 0x4d8 <nokia_lcd_write_char+0x1a>
     4d8:	0f 92       	push	r0
     4da:	cd b7       	in	r28, 0x3d	; 61
     4dc:	de b7       	in	r29, 0x3e	; 62
     4de:	e8 2f       	mov	r30, r24
     4e0:	f6 2e       	mov	r15, r22
     4e2:	80 32       	cpi	r24, 0x20	; 32
     4e4:	0c f4       	brge	.+2      	; 0x4e8 <nokia_lcd_write_char+0x2a>
     4e6:	4d c0       	rjmp	.+154    	; 0x582 <nokia_lcd_write_char+0xc4>
     4e8:	e0 52       	subi	r30, 0x20	; 32
     4ea:	85 e0       	ldi	r24, 0x05	; 5
     4ec:	e8 02       	muls	r30, r24
     4ee:	b0 01       	movw	r22, r0
     4f0:	11 24       	eor	r1, r1
     4f2:	66 59       	subi	r22, 0x96	; 150
     4f4:	7e 4f       	sbci	r23, 0xFE	; 254
     4f6:	45 e0       	ldi	r20, 0x05	; 5
     4f8:	50 e0       	ldi	r21, 0x00	; 0
     4fa:	ce 01       	movw	r24, r28
     4fc:	01 96       	adiw	r24, 0x01	; 1
     4fe:	0e 94 f0 07 	call	0xfe0	; 0xfe0 <memcpy_P>
     502:	8e 01       	movw	r16, r28
     504:	0f 5f       	subi	r16, 0xFF	; 255
     506:	1f 4f       	sbci	r17, 0xFF	; 255
     508:	95 e0       	ldi	r25, 0x05	; 5
     50a:	f9 9e       	mul	r15, r25
     50c:	50 01       	movw	r10, r0
     50e:	11 24       	eor	r1, r1
     510:	87 e0       	ldi	r24, 0x07	; 7
     512:	f8 9e       	mul	r15, r24
     514:	40 01       	movw	r8, r0
     516:	11 24       	eor	r1, r1
     518:	e1 2c       	mov	r14, r1
     51a:	ea 14       	cp	r14, r10
     51c:	1b 04       	cpc	r1, r11
     51e:	0c f4       	brge	.+2      	; 0x522 <nokia_lcd_write_char+0x64>
     520:	63 c0       	rjmp	.+198    	; 0x5e8 <nokia_lcd_write_char+0x12a>
     522:	80 91 66 03 	lds	r24, 0x0366	; 0x800366 <nokia_lcd+0x1f8>
     526:	8f 5f       	subi	r24, 0xFF	; 255
     528:	9f 2d       	mov	r25, r15
     52a:	99 0f       	add	r25, r25
     52c:	99 0f       	add	r25, r25
     52e:	9f 0d       	add	r25, r15
     530:	89 0f       	add	r24, r25
     532:	80 93 66 03 	sts	0x0366, r24	; 0x800366 <nokia_lcd+0x1f8>
     536:	84 35       	cpi	r24, 0x54	; 84
     538:	58 f0       	brcs	.+22     	; 0x550 <nokia_lcd_write_char+0x92>
     53a:	80 91 67 03 	lds	r24, 0x0367	; 0x800367 <nokia_lcd+0x1f9>
     53e:	10 92 66 03 	sts	0x0366, r1	; 0x800366 <nokia_lcd+0x1f8>
     542:	8f 5f       	subi	r24, 0xFF	; 255
     544:	97 e0       	ldi	r25, 0x07	; 7
     546:	f9 9e       	mul	r15, r25
     548:	80 0d       	add	r24, r0
     54a:	11 24       	eor	r1, r1
     54c:	80 93 67 03 	sts	0x0367, r24	; 0x800367 <nokia_lcd+0x1f9>
     550:	80 91 67 03 	lds	r24, 0x0367	; 0x800367 <nokia_lcd+0x1f9>
     554:	80 33       	cpi	r24, 0x30	; 48
     556:	20 f0       	brcs	.+8      	; 0x560 <nokia_lcd_write_char+0xa2>
     558:	10 92 66 03 	sts	0x0366, r1	; 0x800366 <nokia_lcd+0x1f8>
     55c:	10 92 67 03 	sts	0x0367, r1	; 0x800367 <nokia_lcd+0x1f9>
     560:	0f 90       	pop	r0
     562:	0f 90       	pop	r0
     564:	0f 90       	pop	r0
     566:	0f 90       	pop	r0
     568:	0f 90       	pop	r0
     56a:	df 91       	pop	r29
     56c:	cf 91       	pop	r28
     56e:	1f 91       	pop	r17
     570:	0f 91       	pop	r16
     572:	ff 90       	pop	r15
     574:	ef 90       	pop	r14
     576:	df 90       	pop	r13
     578:	bf 90       	pop	r11
     57a:	af 90       	pop	r10
     57c:	9f 90       	pop	r9
     57e:	8f 90       	pop	r8
     580:	08 95       	ret
     582:	ee 0f       	add	r30, r30
     584:	ff 0b       	sbc	r31, r31
     586:	e2 5d       	subi	r30, 0xD2	; 210
     588:	fe 4f       	sbci	r31, 0xFE	; 254
     58a:	00 81       	ld	r16, Z
     58c:	11 81       	ldd	r17, Z+1	; 0x01
     58e:	01 15       	cp	r16, r1
     590:	11 05       	cpc	r17, r1
     592:	09 f0       	breq	.+2      	; 0x596 <nokia_lcd_write_char+0xd8>
     594:	b9 cf       	rjmp	.-142    	; 0x508 <nokia_lcd_write_char+0x4a>
     596:	45 e0       	ldi	r20, 0x05	; 5
     598:	50 e0       	ldi	r21, 0x00	; 0
     59a:	6a e6       	ldi	r22, 0x6A	; 106
     59c:	71 e0       	ldi	r23, 0x01	; 1
     59e:	ad cf       	rjmp	.-166    	; 0x4fa <nokia_lcd_write_char+0x3c>
     5a0:	ed 0d       	add	r30, r13
     5a2:	5e 0d       	add	r21, r14
     5a4:	8e 2d       	mov	r24, r14
     5a6:	6f 2d       	mov	r22, r15
     5a8:	0e 94 d5 06 	call	0xdaa	; 0xdaa <__udivmodqi4>
     5ac:	d8 01       	movw	r26, r16
     5ae:	a8 0f       	add	r26, r24
     5b0:	b1 1d       	adc	r27, r1
     5b2:	2c 91       	ld	r18, X
     5b4:	30 e0       	ldi	r19, 0x00	; 0
     5b6:	8d 2d       	mov	r24, r13
     5b8:	0e 94 d5 06 	call	0xdaa	; 0xdaa <__udivmodqi4>
     5bc:	02 c0       	rjmp	.+4      	; 0x5c2 <nokia_lcd_write_char+0x104>
     5be:	35 95       	asr	r19
     5c0:	27 95       	ror	r18
     5c2:	8a 95       	dec	r24
     5c4:	e2 f7       	brpl	.-8      	; 0x5be <nokia_lcd_write_char+0x100>
     5c6:	41 e0       	ldi	r20, 0x01	; 1
     5c8:	20 ff       	sbrs	r18, 0
     5ca:	40 e0       	ldi	r20, 0x00	; 0
     5cc:	6e 2f       	mov	r22, r30
     5ce:	85 2f       	mov	r24, r21
     5d0:	0e 94 42 02 	call	0x484	; 0x484 <nokia_lcd_set_pixel>
     5d4:	d3 94       	inc	r13
     5d6:	e0 91 67 03 	lds	r30, 0x0367	; 0x800367 <nokia_lcd+0x1f9>
     5da:	50 91 66 03 	lds	r21, 0x0366	; 0x800366 <nokia_lcd+0x1f8>
     5de:	d8 14       	cp	r13, r8
     5e0:	19 04       	cpc	r1, r9
     5e2:	f4 f2       	brlt	.-68     	; 0x5a0 <nokia_lcd_write_char+0xe2>
     5e4:	e3 94       	inc	r14
     5e6:	99 cf       	rjmp	.-206    	; 0x51a <nokia_lcd_write_char+0x5c>
     5e8:	d1 2c       	mov	r13, r1
     5ea:	f5 cf       	rjmp	.-22     	; 0x5d6 <nokia_lcd_write_char+0x118>

000005ec <nokia_lcd_custom>:
     5ec:	e8 2f       	mov	r30, r24
     5ee:	80 32       	cpi	r24, 0x20	; 32
     5f0:	34 f4       	brge	.+12     	; 0x5fe <nokia_lcd_custom+0x12>
     5f2:	ee 0f       	add	r30, r30
     5f4:	ff 0b       	sbc	r31, r31
     5f6:	e2 5d       	subi	r30, 0xD2	; 210
     5f8:	fe 4f       	sbci	r31, 0xFE	; 254
     5fa:	71 83       	std	Z+1, r23	; 0x01
     5fc:	60 83       	st	Z, r22
     5fe:	08 95       	ret

00000600 <nokia_lcd_write_string>:
     600:	1f 93       	push	r17
     602:	cf 93       	push	r28
     604:	df 93       	push	r29
     606:	16 2f       	mov	r17, r22
     608:	ec 01       	movw	r28, r24
     60a:	89 91       	ld	r24, Y+
     60c:	81 11       	cpse	r24, r1
     60e:	04 c0       	rjmp	.+8      	; 0x618 <nokia_lcd_write_string+0x18>
     610:	df 91       	pop	r29
     612:	cf 91       	pop	r28
     614:	1f 91       	pop	r17
     616:	08 95       	ret
     618:	61 2f       	mov	r22, r17
     61a:	0e 94 5f 02 	call	0x4be	; 0x4be <nokia_lcd_write_char>
     61e:	f5 cf       	rjmp	.-22     	; 0x60a <nokia_lcd_write_string+0xa>

00000620 <nokia_lcd_set_cursor>:
     620:	80 93 66 03 	sts	0x0366, r24	; 0x800366 <nokia_lcd+0x1f8>
     624:	60 93 67 03 	sts	0x0367, r22	; 0x800367 <nokia_lcd+0x1f9>
     628:	08 95       	ret

0000062a <nokia_lcd_render>:
     62a:	cf 93       	push	r28
     62c:	df 93       	push	r29
     62e:	80 e8       	ldi	r24, 0x80	; 128
     630:	0e 94 e0 01 	call	0x3c0	; 0x3c0 <write_cmd>
     634:	80 e4       	ldi	r24, 0x40	; 64
     636:	0e 94 e0 01 	call	0x3c0	; 0x3c0 <write_cmd>
     63a:	ce e6       	ldi	r28, 0x6E	; 110
     63c:	d1 e0       	ldi	r29, 0x01	; 1
     63e:	61 e0       	ldi	r22, 0x01	; 1
     640:	89 91       	ld	r24, Y+
     642:	0e 94 c4 01 	call	0x388	; 0x388 <write>
     646:	83 e0       	ldi	r24, 0x03	; 3
     648:	c6 36       	cpi	r28, 0x66	; 102
     64a:	d8 07       	cpc	r29, r24
     64c:	c1 f7       	brne	.-16     	; 0x63e <nokia_lcd_render+0x14>
     64e:	df 91       	pop	r29
     650:	cf 91       	pop	r28
     652:	08 95       	ret

00000654 <vfprintf>:
     654:	a3 e1       	ldi	r26, 0x13	; 19
     656:	b0 e0       	ldi	r27, 0x00	; 0
     658:	e0 e3       	ldi	r30, 0x30	; 48
     65a:	f3 e0       	ldi	r31, 0x03	; 3
     65c:	0c 94 e1 06 	jmp	0xdc2	; 0xdc2 <__prologue_saves__>
     660:	7c 01       	movw	r14, r24
     662:	1b 01       	movw	r2, r22
     664:	5a 01       	movw	r10, r20
     666:	dc 01       	movw	r26, r24
     668:	17 96       	adiw	r26, 0x07	; 7
     66a:	1c 92       	st	X, r1
     66c:	1e 92       	st	-X, r1
     66e:	16 97       	sbiw	r26, 0x06	; 6
     670:	13 96       	adiw	r26, 0x03	; 3
     672:	8c 91       	ld	r24, X
     674:	81 ff       	sbrs	r24, 1
     676:	50 c3       	rjmp	.+1696   	; 0xd18 <__stack+0x419>
     678:	fe 01       	movw	r30, r28
     67a:	31 96       	adiw	r30, 0x01	; 1
     67c:	4f 01       	movw	r8, r30
     67e:	d7 01       	movw	r26, r14
     680:	13 96       	adiw	r26, 0x03	; 3
     682:	9c 91       	ld	r25, X
     684:	f1 01       	movw	r30, r2
     686:	93 fd       	sbrc	r25, 3
     688:	85 91       	lpm	r24, Z+
     68a:	93 ff       	sbrs	r25, 3
     68c:	81 91       	ld	r24, Z+
     68e:	1f 01       	movw	r2, r30
     690:	88 23       	and	r24, r24
     692:	09 f4       	brne	.+2      	; 0x696 <vfprintf+0x42>
     694:	f4 c2       	rjmp	.+1512   	; 0xc7e <__stack+0x37f>
     696:	85 32       	cpi	r24, 0x25	; 37
     698:	39 f4       	brne	.+14     	; 0x6a8 <vfprintf+0x54>
     69a:	93 fd       	sbrc	r25, 3
     69c:	85 91       	lpm	r24, Z+
     69e:	93 ff       	sbrs	r25, 3
     6a0:	81 91       	ld	r24, Z+
     6a2:	1f 01       	movw	r2, r30
     6a4:	85 32       	cpi	r24, 0x25	; 37
     6a6:	39 f4       	brne	.+14     	; 0x6b6 <vfprintf+0x62>
     6a8:	b7 01       	movw	r22, r14
     6aa:	90 e0       	ldi	r25, 0x00	; 0
     6ac:	0e 94 0f 08 	call	0x101e	; 0x101e <fputc>
     6b0:	65 01       	movw	r12, r10
     6b2:	56 01       	movw	r10, r12
     6b4:	e4 cf       	rjmp	.-56     	; 0x67e <vfprintf+0x2a>
     6b6:	10 e0       	ldi	r17, 0x00	; 0
     6b8:	71 2c       	mov	r7, r1
     6ba:	61 2c       	mov	r6, r1
     6bc:	bf e1       	ldi	r27, 0x1F	; 31
     6be:	b6 15       	cp	r27, r6
     6c0:	38 f0       	brcs	.+14     	; 0x6d0 <vfprintf+0x7c>
     6c2:	8b 32       	cpi	r24, 0x2B	; 43
     6c4:	11 f1       	breq	.+68     	; 0x70a <vfprintf+0xb6>
     6c6:	90 f4       	brcc	.+36     	; 0x6ec <vfprintf+0x98>
     6c8:	80 32       	cpi	r24, 0x20	; 32
     6ca:	09 f1       	breq	.+66     	; 0x70e <vfprintf+0xba>
     6cc:	83 32       	cpi	r24, 0x23	; 35
     6ce:	29 f1       	breq	.+74     	; 0x71a <vfprintf+0xc6>
     6d0:	67 fc       	sbrc	r6, 7
     6d2:	3c c0       	rjmp	.+120    	; 0x74c <vfprintf+0xf8>
     6d4:	20 ed       	ldi	r18, 0xD0	; 208
     6d6:	28 0f       	add	r18, r24
     6d8:	2a 30       	cpi	r18, 0x0A	; 10
     6da:	50 f5       	brcc	.+84     	; 0x730 <vfprintf+0xdc>
     6dc:	66 fe       	sbrs	r6, 6
     6de:	20 c0       	rjmp	.+64     	; 0x720 <vfprintf+0xcc>
     6e0:	ea e0       	ldi	r30, 0x0A	; 10
     6e2:	1e 9f       	mul	r17, r30
     6e4:	20 0d       	add	r18, r0
     6e6:	11 24       	eor	r1, r1
     6e8:	12 2f       	mov	r17, r18
     6ea:	06 c0       	rjmp	.+12     	; 0x6f8 <vfprintf+0xa4>
     6ec:	8d 32       	cpi	r24, 0x2D	; 45
     6ee:	91 f0       	breq	.+36     	; 0x714 <vfprintf+0xc0>
     6f0:	80 33       	cpi	r24, 0x30	; 48
     6f2:	71 f7       	brne	.-36     	; 0x6d0 <vfprintf+0x7c>
     6f4:	68 94       	set
     6f6:	60 f8       	bld	r6, 0
     6f8:	f1 01       	movw	r30, r2
     6fa:	93 fd       	sbrc	r25, 3
     6fc:	85 91       	lpm	r24, Z+
     6fe:	93 ff       	sbrs	r25, 3
     700:	81 91       	ld	r24, Z+
     702:	1f 01       	movw	r2, r30
     704:	81 11       	cpse	r24, r1
     706:	da cf       	rjmp	.-76     	; 0x6bc <vfprintf+0x68>
     708:	21 c0       	rjmp	.+66     	; 0x74c <vfprintf+0xf8>
     70a:	68 94       	set
     70c:	61 f8       	bld	r6, 1
     70e:	68 94       	set
     710:	62 f8       	bld	r6, 2
     712:	f2 cf       	rjmp	.-28     	; 0x6f8 <vfprintf+0xa4>
     714:	68 94       	set
     716:	63 f8       	bld	r6, 3
     718:	ef cf       	rjmp	.-34     	; 0x6f8 <vfprintf+0xa4>
     71a:	68 94       	set
     71c:	64 f8       	bld	r6, 4
     71e:	ec cf       	rjmp	.-40     	; 0x6f8 <vfprintf+0xa4>
     720:	fa e0       	ldi	r31, 0x0A	; 10
     722:	7f 9e       	mul	r7, r31
     724:	20 0d       	add	r18, r0
     726:	11 24       	eor	r1, r1
     728:	72 2e       	mov	r7, r18
     72a:	68 94       	set
     72c:	65 f8       	bld	r6, 5
     72e:	e4 cf       	rjmp	.-56     	; 0x6f8 <vfprintf+0xa4>
     730:	8e 32       	cpi	r24, 0x2E	; 46
     732:	29 f4       	brne	.+10     	; 0x73e <vfprintf+0xea>
     734:	66 fc       	sbrc	r6, 6
     736:	a3 c2       	rjmp	.+1350   	; 0xc7e <__stack+0x37f>
     738:	68 94       	set
     73a:	66 f8       	bld	r6, 6
     73c:	dd cf       	rjmp	.-70     	; 0x6f8 <vfprintf+0xa4>
     73e:	8c 36       	cpi	r24, 0x6C	; 108
     740:	19 f4       	brne	.+6      	; 0x748 <vfprintf+0xf4>
     742:	68 94       	set
     744:	67 f8       	bld	r6, 7
     746:	d8 cf       	rjmp	.-80     	; 0x6f8 <vfprintf+0xa4>
     748:	88 36       	cpi	r24, 0x68	; 104
     74a:	b1 f2       	breq	.-84     	; 0x6f8 <vfprintf+0xa4>
     74c:	9b eb       	ldi	r25, 0xBB	; 187
     74e:	98 0f       	add	r25, r24
     750:	93 30       	cpi	r25, 0x03	; 3
     752:	08 f0       	brcs	.+2      	; 0x756 <vfprintf+0x102>
     754:	65 c0       	rjmp	.+202    	; 0x820 <vfprintf+0x1cc>
     756:	68 94       	set
     758:	64 f8       	bld	r6, 4
     75a:	80 5e       	subi	r24, 0xE0	; 224
     75c:	66 fe       	sbrs	r6, 6
     75e:	16 e0       	ldi	r17, 0x06	; 6
     760:	26 2d       	mov	r18, r6
     762:	2f 73       	andi	r18, 0x3F	; 63
     764:	62 2e       	mov	r6, r18
     766:	85 36       	cpi	r24, 0x65	; 101
     768:	09 f0       	breq	.+2      	; 0x76c <vfprintf+0x118>
     76a:	62 c0       	rjmp	.+196    	; 0x830 <vfprintf+0x1dc>
     76c:	68 94       	set
     76e:	66 f8       	bld	r6, 6
     770:	67 fe       	sbrs	r6, 7
     772:	68 c0       	rjmp	.+208    	; 0x844 <vfprintf+0x1f0>
     774:	81 2f       	mov	r24, r17
     776:	1c 33       	cpi	r17, 0x3C	; 60
     778:	08 f0       	brcs	.+2      	; 0x77c <vfprintf+0x128>
     77a:	8b e3       	ldi	r24, 0x3B	; 59
     77c:	44 24       	eor	r4, r4
     77e:	43 94       	inc	r4
     780:	48 0e       	add	r4, r24
     782:	27 e0       	ldi	r18, 0x07	; 7
     784:	d5 01       	movw	r26, r10
     786:	4d 91       	ld	r20, X+
     788:	5d 91       	ld	r21, X+
     78a:	6d 91       	ld	r22, X+
     78c:	7d 91       	ld	r23, X+
     78e:	6d 01       	movw	r12, r26
     790:	4c 87       	std	Y+12, r20	; 0x0c
     792:	5d 87       	std	Y+13, r21	; 0x0d
     794:	6e 87       	std	Y+14, r22	; 0x0e
     796:	7f 87       	std	Y+15, r23	; 0x0f
     798:	04 2d       	mov	r16, r4
     79a:	a4 01       	movw	r20, r8
     79c:	6c 85       	ldd	r22, Y+12	; 0x0c
     79e:	7d 85       	ldd	r23, Y+13	; 0x0d
     7a0:	8e 85       	ldd	r24, Y+14	; 0x0e
     7a2:	9f 85       	ldd	r25, Y+15	; 0x0f
     7a4:	0e 94 18 07 	call	0xe30	; 0xe30 <__ftoa_engine>
     7a8:	5c 01       	movw	r10, r24
     7aa:	b9 81       	ldd	r27, Y+1	; 0x01
     7ac:	bc 87       	std	Y+12, r27	; 0x0c
     7ae:	b0 ff       	sbrs	r27, 0
     7b0:	03 c0       	rjmp	.+6      	; 0x7b8 <vfprintf+0x164>
     7b2:	0d e2       	ldi	r16, 0x2D	; 45
     7b4:	b3 ff       	sbrs	r27, 3
     7b6:	0a c0       	rjmp	.+20     	; 0x7cc <vfprintf+0x178>
     7b8:	0b e2       	ldi	r16, 0x2B	; 43
     7ba:	61 fc       	sbrc	r6, 1
     7bc:	07 c0       	rjmp	.+14     	; 0x7cc <vfprintf+0x178>
     7be:	62 fa       	bst	r6, 2
     7c0:	88 27       	eor	r24, r24
     7c2:	80 f9       	bld	r24, 0
     7c4:	08 2f       	mov	r16, r24
     7c6:	02 95       	swap	r16
     7c8:	00 0f       	add	r16, r16
     7ca:	00 7e       	andi	r16, 0xE0	; 224
     7cc:	ec 85       	ldd	r30, Y+12	; 0x0c
     7ce:	ec 70       	andi	r30, 0x0C	; 12
     7d0:	5e 2e       	mov	r5, r30
     7d2:	09 f4       	brne	.+2      	; 0x7d6 <vfprintf+0x182>
     7d4:	54 c0       	rjmp	.+168    	; 0x87e <vfprintf+0x22a>
     7d6:	01 11       	cpse	r16, r1
     7d8:	a2 c2       	rjmp	.+1348   	; 0xd1e <__stack+0x41f>
     7da:	f3 e0       	ldi	r31, 0x03	; 3
     7dc:	51 2c       	mov	r5, r1
     7de:	f7 15       	cp	r31, r7
     7e0:	a0 f4       	brcc	.+40     	; 0x80a <vfprintf+0x1b6>
     7e2:	83 e0       	ldi	r24, 0x03	; 3
     7e4:	57 2c       	mov	r5, r7
     7e6:	58 1a       	sub	r5, r24
     7e8:	63 fc       	sbrc	r6, 3
     7ea:	08 c0       	rjmp	.+16     	; 0x7fc <vfprintf+0x1a8>
     7ec:	b7 01       	movw	r22, r14
     7ee:	80 e2       	ldi	r24, 0x20	; 32
     7f0:	90 e0       	ldi	r25, 0x00	; 0
     7f2:	0e 94 0f 08 	call	0x101e	; 0x101e <fputc>
     7f6:	5a 94       	dec	r5
     7f8:	51 10       	cpse	r5, r1
     7fa:	f8 cf       	rjmp	.-16     	; 0x7ec <vfprintf+0x198>
     7fc:	00 23       	and	r16, r16
     7fe:	29 f0       	breq	.+10     	; 0x80a <vfprintf+0x1b6>
     800:	b7 01       	movw	r22, r14
     802:	80 2f       	mov	r24, r16
     804:	90 e0       	ldi	r25, 0x00	; 0
     806:	0e 94 0f 08 	call	0x101e	; 0x101e <fputc>
     80a:	fc 85       	ldd	r31, Y+12	; 0x0c
     80c:	08 e6       	ldi	r16, 0x68	; 104
     80e:	10 e0       	ldi	r17, 0x00	; 0
     810:	f3 fd       	sbrc	r31, 3
     812:	02 c0       	rjmp	.+4      	; 0x818 <vfprintf+0x1c4>
     814:	0c e6       	ldi	r16, 0x6C	; 108
     816:	10 e0       	ldi	r17, 0x00	; 0
     818:	26 2d       	mov	r18, r6
     81a:	20 71       	andi	r18, 0x10	; 16
     81c:	62 2e       	mov	r6, r18
     81e:	21 c0       	rjmp	.+66     	; 0x862 <vfprintf+0x20e>
     820:	9b e9       	ldi	r25, 0x9B	; 155
     822:	98 0f       	add	r25, r24
     824:	93 30       	cpi	r25, 0x03	; 3
     826:	08 f0       	brcs	.+2      	; 0x82a <vfprintf+0x1d6>
     828:	3a c1       	rjmp	.+628    	; 0xa9e <__stack+0x19f>
     82a:	e8 94       	clt
     82c:	64 f8       	bld	r6, 4
     82e:	96 cf       	rjmp	.-212    	; 0x75c <vfprintf+0x108>
     830:	86 36       	cpi	r24, 0x66	; 102
     832:	19 f4       	brne	.+6      	; 0x83a <vfprintf+0x1e6>
     834:	68 94       	set
     836:	67 f8       	bld	r6, 7
     838:	9b cf       	rjmp	.-202    	; 0x770 <vfprintf+0x11c>
     83a:	11 23       	and	r17, r17
     83c:	09 f4       	brne	.+2      	; 0x840 <vfprintf+0x1ec>
     83e:	98 cf       	rjmp	.-208    	; 0x770 <vfprintf+0x11c>
     840:	11 50       	subi	r17, 0x01	; 1
     842:	96 cf       	rjmp	.-212    	; 0x770 <vfprintf+0x11c>
     844:	21 2f       	mov	r18, r17
     846:	18 30       	cpi	r17, 0x08	; 8
     848:	10 f0       	brcs	.+4      	; 0x84e <vfprintf+0x1fa>
     84a:	27 e0       	ldi	r18, 0x07	; 7
     84c:	17 e0       	ldi	r17, 0x07	; 7
     84e:	41 2c       	mov	r4, r1
     850:	99 cf       	rjmp	.-206    	; 0x784 <vfprintf+0x130>
     852:	61 10       	cpse	r6, r1
     854:	80 52       	subi	r24, 0x20	; 32
     856:	b7 01       	movw	r22, r14
     858:	90 e0       	ldi	r25, 0x00	; 0
     85a:	0e 94 0f 08 	call	0x101e	; 0x101e <fputc>
     85e:	0f 5f       	subi	r16, 0xFF	; 255
     860:	1f 4f       	sbci	r17, 0xFF	; 255
     862:	f8 01       	movw	r30, r16
     864:	84 91       	lpm	r24, Z
     866:	81 11       	cpse	r24, r1
     868:	f4 cf       	rjmp	.-24     	; 0x852 <vfprintf+0x1fe>
     86a:	55 20       	and	r5, r5
     86c:	09 f4       	brne	.+2      	; 0x870 <vfprintf+0x21c>
     86e:	21 cf       	rjmp	.-446    	; 0x6b2 <vfprintf+0x5e>
     870:	b7 01       	movw	r22, r14
     872:	80 e2       	ldi	r24, 0x20	; 32
     874:	90 e0       	ldi	r25, 0x00	; 0
     876:	0e 94 0f 08 	call	0x101e	; 0x101e <fputc>
     87a:	5a 94       	dec	r5
     87c:	f6 cf       	rjmp	.-20     	; 0x86a <vfprintf+0x216>
     87e:	67 fe       	sbrs	r6, 7
     880:	7d c0       	rjmp	.+250    	; 0x97c <__stack+0x7d>
     882:	84 2d       	mov	r24, r4
     884:	8a 0d       	add	r24, r10
     886:	fc 85       	ldd	r31, Y+12	; 0x0c
     888:	f4 ff       	sbrs	r31, 4
     88a:	04 c0       	rjmp	.+8      	; 0x894 <vfprintf+0x240>
     88c:	9a 81       	ldd	r25, Y+2	; 0x02
     88e:	91 33       	cpi	r25, 0x31	; 49
     890:	09 f4       	brne	.+2      	; 0x894 <vfprintf+0x240>
     892:	81 50       	subi	r24, 0x01	; 1
     894:	44 24       	eor	r4, r4
     896:	43 94       	inc	r4
     898:	18 16       	cp	r1, r24
     89a:	34 f4       	brge	.+12     	; 0x8a8 <vfprintf+0x254>
     89c:	48 2e       	mov	r4, r24
     89e:	28 e0       	ldi	r18, 0x08	; 8
     8a0:	28 17       	cp	r18, r24
     8a2:	10 f4       	brcc	.+4      	; 0x8a8 <vfprintf+0x254>
     8a4:	88 e0       	ldi	r24, 0x08	; 8
     8a6:	48 2e       	mov	r4, r24
     8a8:	85 e0       	ldi	r24, 0x05	; 5
     8aa:	90 e0       	ldi	r25, 0x00	; 0
     8ac:	67 fe       	sbrs	r6, 7
     8ae:	06 c0       	rjmp	.+12     	; 0x8bc <vfprintf+0x268>
     8b0:	c5 01       	movw	r24, r10
     8b2:	b7 fe       	sbrs	r11, 7
     8b4:	02 c0       	rjmp	.+4      	; 0x8ba <vfprintf+0x266>
     8b6:	80 e0       	ldi	r24, 0x00	; 0
     8b8:	90 e0       	ldi	r25, 0x00	; 0
     8ba:	01 96       	adiw	r24, 0x01	; 1
     8bc:	01 11       	cpse	r16, r1
     8be:	01 96       	adiw	r24, 0x01	; 1
     8c0:	11 23       	and	r17, r17
     8c2:	31 f0       	breq	.+12     	; 0x8d0 <vfprintf+0x27c>
     8c4:	21 2f       	mov	r18, r17
     8c6:	30 e0       	ldi	r19, 0x00	; 0
     8c8:	2f 5f       	subi	r18, 0xFF	; 255
     8ca:	3f 4f       	sbci	r19, 0xFF	; 255
     8cc:	82 0f       	add	r24, r18
     8ce:	93 1f       	adc	r25, r19
     8d0:	78 16       	cp	r7, r24
     8d2:	19 06       	cpc	r1, r25
     8d4:	19 f0       	breq	.+6      	; 0x8dc <vfprintf+0x288>
     8d6:	14 f0       	brlt	.+4      	; 0x8dc <vfprintf+0x288>
     8d8:	57 2c       	mov	r5, r7
     8da:	58 1a       	sub	r5, r24
     8dc:	86 2d       	mov	r24, r6
     8de:	89 70       	andi	r24, 0x09	; 9
     8e0:	11 f4       	brne	.+4      	; 0x8e6 <vfprintf+0x292>
     8e2:	51 10       	cpse	r5, r1
     8e4:	70 c0       	rjmp	.+224    	; 0x9c6 <__stack+0xc7>
     8e6:	00 23       	and	r16, r16
     8e8:	29 f0       	breq	.+10     	; 0x8f4 <vfprintf+0x2a0>
     8ea:	b7 01       	movw	r22, r14
     8ec:	80 2f       	mov	r24, r16
     8ee:	90 e0       	ldi	r25, 0x00	; 0
     8f0:	0e 94 0f 08 	call	0x101e	; 0x101e <fputc>
     8f4:	63 fc       	sbrc	r6, 3
     8f6:	02 c0       	rjmp	.+4      	; 0x8fc <vfprintf+0x2a8>
     8f8:	51 10       	cpse	r5, r1
     8fa:	6c c0       	rjmp	.+216    	; 0x9d4 <__stack+0xd5>
     8fc:	67 fe       	sbrs	r6, 7
     8fe:	85 c0       	rjmp	.+266    	; 0xa0a <__stack+0x10b>
     900:	35 01       	movw	r6, r10
     902:	b7 fe       	sbrs	r11, 7
     904:	02 c0       	rjmp	.+4      	; 0x90a <__stack+0xb>
     906:	71 2c       	mov	r7, r1
     908:	61 2c       	mov	r6, r1
     90a:	c5 01       	movw	r24, r10
     90c:	86 19       	sub	r24, r6
     90e:	97 09       	sbc	r25, r7
     910:	a4 01       	movw	r20, r8
     912:	48 0f       	add	r20, r24
     914:	59 1f       	adc	r21, r25
     916:	59 8b       	std	Y+17, r21	; 0x11
     918:	48 8b       	std	Y+16, r20	; 0x10
     91a:	b5 01       	movw	r22, r10
     91c:	64 19       	sub	r22, r4
     91e:	71 09       	sbc	r23, r1
     920:	7b 8b       	std	Y+19, r23	; 0x13
     922:	6a 8b       	std	Y+18, r22	; 0x12
     924:	01 2f       	mov	r16, r17
     926:	10 e0       	ldi	r17, 0x00	; 0
     928:	11 95       	neg	r17
     92a:	01 95       	neg	r16
     92c:	11 09       	sbc	r17, r1
     92e:	a6 14       	cp	r10, r6
     930:	b7 04       	cpc	r11, r7
     932:	0c f4       	brge	.+2      	; 0x936 <__stack+0x37>
     934:	56 c0       	rjmp	.+172    	; 0x9e2 <__stack+0xe3>
     936:	aa 89       	ldd	r26, Y+18	; 0x12
     938:	bb 89       	ldd	r27, Y+19	; 0x13
     93a:	a6 15       	cp	r26, r6
     93c:	b7 05       	cpc	r27, r7
     93e:	0c f0       	brlt	.+2      	; 0x942 <__stack+0x43>
     940:	50 c0       	rjmp	.+160    	; 0x9e2 <__stack+0xe3>
     942:	e8 89       	ldd	r30, Y+16	; 0x10
     944:	f9 89       	ldd	r31, Y+17	; 0x11
     946:	81 81       	ldd	r24, Z+1	; 0x01
     948:	f1 e0       	ldi	r31, 0x01	; 1
     94a:	6f 1a       	sub	r6, r31
     94c:	71 08       	sbc	r7, r1
     94e:	60 16       	cp	r6, r16
     950:	71 06       	cpc	r7, r17
     952:	0c f4       	brge	.+2      	; 0x956 <__stack+0x57>
     954:	48 c0       	rjmp	.+144    	; 0x9e6 <__stack+0xe7>
     956:	b7 01       	movw	r22, r14
     958:	90 e0       	ldi	r25, 0x00	; 0
     95a:	0e 94 0f 08 	call	0x101e	; 0x101e <fputc>
     95e:	2f ef       	ldi	r18, 0xFF	; 255
     960:	62 16       	cp	r6, r18
     962:	72 06       	cpc	r7, r18
     964:	29 f4       	brne	.+10     	; 0x970 <__stack+0x71>
     966:	b7 01       	movw	r22, r14
     968:	8e e2       	ldi	r24, 0x2E	; 46
     96a:	90 e0       	ldi	r25, 0x00	; 0
     96c:	0e 94 0f 08 	call	0x101e	; 0x101e <fputc>
     970:	88 89       	ldd	r24, Y+16	; 0x10
     972:	99 89       	ldd	r25, Y+17	; 0x11
     974:	01 96       	adiw	r24, 0x01	; 1
     976:	99 8b       	std	Y+17, r25	; 0x11
     978:	88 8b       	std	Y+16, r24	; 0x10
     97a:	d9 cf       	rjmp	.-78     	; 0x92e <__stack+0x2f>
     97c:	66 fc       	sbrc	r6, 6
     97e:	94 cf       	rjmp	.-216    	; 0x8a8 <vfprintf+0x254>
     980:	e1 2f       	mov	r30, r17
     982:	f0 e0       	ldi	r31, 0x00	; 0
     984:	ea 15       	cp	r30, r10
     986:	fb 05       	cpc	r31, r11
     988:	3c f0       	brlt	.+14     	; 0x998 <__stack+0x99>
     98a:	3c ef       	ldi	r19, 0xFC	; 252
     98c:	a3 16       	cp	r10, r19
     98e:	3f ef       	ldi	r19, 0xFF	; 255
     990:	b3 06       	cpc	r11, r19
     992:	14 f0       	brlt	.+4      	; 0x998 <__stack+0x99>
     994:	68 94       	set
     996:	67 f8       	bld	r6, 7
     998:	32 96       	adiw	r30, 0x02	; 2
     99a:	e8 0d       	add	r30, r8
     99c:	f9 1d       	adc	r31, r9
     99e:	01 c0       	rjmp	.+2      	; 0x9a2 <__stack+0xa3>
     9a0:	11 50       	subi	r17, 0x01	; 1
     9a2:	11 23       	and	r17, r17
     9a4:	19 f0       	breq	.+6      	; 0x9ac <__stack+0xad>
     9a6:	82 91       	ld	r24, -Z
     9a8:	80 33       	cpi	r24, 0x30	; 48
     9aa:	d1 f3       	breq	.-12     	; 0x9a0 <__stack+0xa1>
     9ac:	67 fe       	sbrs	r6, 7
     9ae:	7c cf       	rjmp	.-264    	; 0x8a8 <vfprintf+0x254>
     9b0:	44 24       	eor	r4, r4
     9b2:	43 94       	inc	r4
     9b4:	41 0e       	add	r4, r17
     9b6:	1a 15       	cp	r17, r10
     9b8:	1b 04       	cpc	r1, r11
     9ba:	19 f0       	breq	.+6      	; 0x9c2 <__stack+0xc3>
     9bc:	14 f0       	brlt	.+4      	; 0x9c2 <__stack+0xc3>
     9be:	1a 19       	sub	r17, r10
     9c0:	73 cf       	rjmp	.-282    	; 0x8a8 <vfprintf+0x254>
     9c2:	10 e0       	ldi	r17, 0x00	; 0
     9c4:	71 cf       	rjmp	.-286    	; 0x8a8 <vfprintf+0x254>
     9c6:	b7 01       	movw	r22, r14
     9c8:	80 e2       	ldi	r24, 0x20	; 32
     9ca:	90 e0       	ldi	r25, 0x00	; 0
     9cc:	0e 94 0f 08 	call	0x101e	; 0x101e <fputc>
     9d0:	5a 94       	dec	r5
     9d2:	87 cf       	rjmp	.-242    	; 0x8e2 <vfprintf+0x28e>
     9d4:	b7 01       	movw	r22, r14
     9d6:	80 e3       	ldi	r24, 0x30	; 48
     9d8:	90 e0       	ldi	r25, 0x00	; 0
     9da:	0e 94 0f 08 	call	0x101e	; 0x101e <fputc>
     9de:	5a 94       	dec	r5
     9e0:	8b cf       	rjmp	.-234    	; 0x8f8 <vfprintf+0x2a4>
     9e2:	80 e3       	ldi	r24, 0x30	; 48
     9e4:	b1 cf       	rjmp	.-158    	; 0x948 <__stack+0x49>
     9e6:	a6 14       	cp	r10, r6
     9e8:	b7 04       	cpc	r11, r7
     9ea:	41 f4       	brne	.+16     	; 0x9fc <__stack+0xfd>
     9ec:	9a 81       	ldd	r25, Y+2	; 0x02
     9ee:	96 33       	cpi	r25, 0x36	; 54
     9f0:	50 f4       	brcc	.+20     	; 0xa06 <__stack+0x107>
     9f2:	95 33       	cpi	r25, 0x35	; 53
     9f4:	19 f4       	brne	.+6      	; 0x9fc <__stack+0xfd>
     9f6:	3c 85       	ldd	r19, Y+12	; 0x0c
     9f8:	34 ff       	sbrs	r19, 4
     9fa:	05 c0       	rjmp	.+10     	; 0xa06 <__stack+0x107>
     9fc:	b7 01       	movw	r22, r14
     9fe:	90 e0       	ldi	r25, 0x00	; 0
     a00:	0e 94 0f 08 	call	0x101e	; 0x101e <fputc>
     a04:	32 cf       	rjmp	.-412    	; 0x86a <vfprintf+0x216>
     a06:	81 e3       	ldi	r24, 0x31	; 49
     a08:	f9 cf       	rjmp	.-14     	; 0x9fc <__stack+0xfd>
     a0a:	8a 81       	ldd	r24, Y+2	; 0x02
     a0c:	81 33       	cpi	r24, 0x31	; 49
     a0e:	19 f0       	breq	.+6      	; 0xa16 <__stack+0x117>
     a10:	4c 85       	ldd	r20, Y+12	; 0x0c
     a12:	4f 7e       	andi	r20, 0xEF	; 239
     a14:	4c 87       	std	Y+12, r20	; 0x0c
     a16:	b7 01       	movw	r22, r14
     a18:	90 e0       	ldi	r25, 0x00	; 0
     a1a:	0e 94 0f 08 	call	0x101e	; 0x101e <fputc>
     a1e:	11 23       	and	r17, r17
     a20:	99 f0       	breq	.+38     	; 0xa48 <__stack+0x149>
     a22:	b7 01       	movw	r22, r14
     a24:	8e e2       	ldi	r24, 0x2E	; 46
     a26:	90 e0       	ldi	r25, 0x00	; 0
     a28:	0e 94 0f 08 	call	0x101e	; 0x101e <fputc>
     a2c:	1e 5f       	subi	r17, 0xFE	; 254
     a2e:	02 e0       	ldi	r16, 0x02	; 2
     a30:	80 2f       	mov	r24, r16
     a32:	0f 5f       	subi	r16, 0xFF	; 255
     a34:	f4 01       	movw	r30, r8
     a36:	e8 0f       	add	r30, r24
     a38:	f1 1d       	adc	r31, r1
     a3a:	80 81       	ld	r24, Z
     a3c:	b7 01       	movw	r22, r14
     a3e:	90 e0       	ldi	r25, 0x00	; 0
     a40:	0e 94 0f 08 	call	0x101e	; 0x101e <fputc>
     a44:	10 13       	cpse	r17, r16
     a46:	f4 cf       	rjmp	.-24     	; 0xa30 <__stack+0x131>
     a48:	85 e6       	ldi	r24, 0x65	; 101
     a4a:	64 fc       	sbrc	r6, 4
     a4c:	85 e4       	ldi	r24, 0x45	; 69
     a4e:	90 e0       	ldi	r25, 0x00	; 0
     a50:	b7 01       	movw	r22, r14
     a52:	0e 94 0f 08 	call	0x101e	; 0x101e <fputc>
     a56:	b7 fc       	sbrc	r11, 7
     a58:	06 c0       	rjmp	.+12     	; 0xa66 <__stack+0x167>
     a5a:	a1 14       	cp	r10, r1
     a5c:	b1 04       	cpc	r11, r1
     a5e:	c1 f4       	brne	.+48     	; 0xa90 <__stack+0x191>
     a60:	5c 85       	ldd	r21, Y+12	; 0x0c
     a62:	54 ff       	sbrs	r21, 4
     a64:	15 c0       	rjmp	.+42     	; 0xa90 <__stack+0x191>
     a66:	b1 94       	neg	r11
     a68:	a1 94       	neg	r10
     a6a:	b1 08       	sbc	r11, r1
     a6c:	8d e2       	ldi	r24, 0x2D	; 45
     a6e:	b7 01       	movw	r22, r14
     a70:	90 e0       	ldi	r25, 0x00	; 0
     a72:	0e 94 0f 08 	call	0x101e	; 0x101e <fputc>
     a76:	80 e3       	ldi	r24, 0x30	; 48
     a78:	7a e0       	ldi	r23, 0x0A	; 10
     a7a:	a7 16       	cp	r10, r23
     a7c:	b1 04       	cpc	r11, r1
     a7e:	54 f4       	brge	.+20     	; 0xa94 <__stack+0x195>
     a80:	b7 01       	movw	r22, r14
     a82:	90 e0       	ldi	r25, 0x00	; 0
     a84:	0e 94 0f 08 	call	0x101e	; 0x101e <fputc>
     a88:	b7 01       	movw	r22, r14
     a8a:	c5 01       	movw	r24, r10
     a8c:	c0 96       	adiw	r24, 0x30	; 48
     a8e:	b8 cf       	rjmp	.-144    	; 0xa00 <__stack+0x101>
     a90:	8b e2       	ldi	r24, 0x2B	; 43
     a92:	ed cf       	rjmp	.-38     	; 0xa6e <__stack+0x16f>
     a94:	8f 5f       	subi	r24, 0xFF	; 255
     a96:	6a e0       	ldi	r22, 0x0A	; 10
     a98:	a6 1a       	sub	r10, r22
     a9a:	b1 08       	sbc	r11, r1
     a9c:	ed cf       	rjmp	.-38     	; 0xa78 <__stack+0x179>
     a9e:	83 36       	cpi	r24, 0x63	; 99
     aa0:	b1 f0       	breq	.+44     	; 0xace <__stack+0x1cf>
     aa2:	83 37       	cpi	r24, 0x73	; 115
     aa4:	41 f1       	breq	.+80     	; 0xaf6 <__stack+0x1f7>
     aa6:	83 35       	cpi	r24, 0x53	; 83
     aa8:	09 f0       	breq	.+2      	; 0xaac <__stack+0x1ad>
     aaa:	4d c0       	rjmp	.+154    	; 0xb46 <__stack+0x247>
     aac:	d5 01       	movw	r26, r10
     aae:	ad 90       	ld	r10, X+
     ab0:	bd 90       	ld	r11, X+
     ab2:	6d 01       	movw	r12, r26
     ab4:	61 2f       	mov	r22, r17
     ab6:	70 e0       	ldi	r23, 0x00	; 0
     ab8:	66 fc       	sbrc	r6, 6
     aba:	02 c0       	rjmp	.+4      	; 0xac0 <__stack+0x1c1>
     abc:	6f ef       	ldi	r22, 0xFF	; 255
     abe:	7f ef       	ldi	r23, 0xFF	; 255
     ac0:	c5 01       	movw	r24, r10
     ac2:	0e 94 f9 07 	call	0xff2	; 0xff2 <strnlen_P>
     ac6:	8c 01       	movw	r16, r24
     ac8:	68 94       	set
     aca:	67 f8       	bld	r6, 7
     acc:	0c c0       	rjmp	.+24     	; 0xae6 <__stack+0x1e7>
     ace:	65 01       	movw	r12, r10
     ad0:	82 e0       	ldi	r24, 0x02	; 2
     ad2:	c8 0e       	add	r12, r24
     ad4:	d1 1c       	adc	r13, r1
     ad6:	d5 01       	movw	r26, r10
     ad8:	8c 91       	ld	r24, X
     ada:	89 83       	std	Y+1, r24	; 0x01
     adc:	01 e0       	ldi	r16, 0x01	; 1
     ade:	10 e0       	ldi	r17, 0x00	; 0
     ae0:	54 01       	movw	r10, r8
     ae2:	e8 94       	clt
     ae4:	67 f8       	bld	r6, 7
     ae6:	63 fc       	sbrc	r6, 3
     ae8:	04 c0       	rjmp	.+8      	; 0xaf2 <__stack+0x1f3>
     aea:	70 16       	cp	r7, r16
     aec:	11 06       	cpc	r1, r17
     aee:	09 f0       	breq	.+2      	; 0xaf2 <__stack+0x1f3>
     af0:	88 f4       	brcc	.+34     	; 0xb14 <__stack+0x215>
     af2:	57 2c       	mov	r5, r7
     af4:	24 c0       	rjmp	.+72     	; 0xb3e <__stack+0x23f>
     af6:	f5 01       	movw	r30, r10
     af8:	a1 90       	ld	r10, Z+
     afa:	b1 90       	ld	r11, Z+
     afc:	6f 01       	movw	r12, r30
     afe:	61 2f       	mov	r22, r17
     b00:	70 e0       	ldi	r23, 0x00	; 0
     b02:	66 fc       	sbrc	r6, 6
     b04:	02 c0       	rjmp	.+4      	; 0xb0a <__stack+0x20b>
     b06:	6f ef       	ldi	r22, 0xFF	; 255
     b08:	7f ef       	ldi	r23, 0xFF	; 255
     b0a:	c5 01       	movw	r24, r10
     b0c:	0e 94 04 08 	call	0x1008	; 0x1008 <strnlen>
     b10:	8c 01       	movw	r16, r24
     b12:	e7 cf       	rjmp	.-50     	; 0xae2 <__stack+0x1e3>
     b14:	b7 01       	movw	r22, r14
     b16:	80 e2       	ldi	r24, 0x20	; 32
     b18:	90 e0       	ldi	r25, 0x00	; 0
     b1a:	0e 94 0f 08 	call	0x101e	; 0x101e <fputc>
     b1e:	7a 94       	dec	r7
     b20:	e4 cf       	rjmp	.-56     	; 0xaea <__stack+0x1eb>
     b22:	f5 01       	movw	r30, r10
     b24:	67 fc       	sbrc	r6, 7
     b26:	85 91       	lpm	r24, Z+
     b28:	67 fe       	sbrs	r6, 7
     b2a:	81 91       	ld	r24, Z+
     b2c:	5f 01       	movw	r10, r30
     b2e:	b7 01       	movw	r22, r14
     b30:	90 e0       	ldi	r25, 0x00	; 0
     b32:	0e 94 0f 08 	call	0x101e	; 0x101e <fputc>
     b36:	51 10       	cpse	r5, r1
     b38:	5a 94       	dec	r5
     b3a:	01 50       	subi	r16, 0x01	; 1
     b3c:	11 09       	sbc	r17, r1
     b3e:	01 15       	cp	r16, r1
     b40:	11 05       	cpc	r17, r1
     b42:	79 f7       	brne	.-34     	; 0xb22 <__stack+0x223>
     b44:	92 ce       	rjmp	.-732    	; 0x86a <vfprintf+0x216>
     b46:	84 36       	cpi	r24, 0x64	; 100
     b48:	19 f0       	breq	.+6      	; 0xb50 <__stack+0x251>
     b4a:	89 36       	cpi	r24, 0x69	; 105
     b4c:	09 f0       	breq	.+2      	; 0xb50 <__stack+0x251>
     b4e:	70 c0       	rjmp	.+224    	; 0xc30 <__stack+0x331>
     b50:	67 fe       	sbrs	r6, 7
     b52:	65 c0       	rjmp	.+202    	; 0xc1e <__stack+0x31f>
     b54:	f5 01       	movw	r30, r10
     b56:	61 91       	ld	r22, Z+
     b58:	71 91       	ld	r23, Z+
     b5a:	81 91       	ld	r24, Z+
     b5c:	91 91       	ld	r25, Z+
     b5e:	6f 01       	movw	r12, r30
     b60:	b6 2d       	mov	r27, r6
     b62:	bf 76       	andi	r27, 0x6F	; 111
     b64:	6b 2e       	mov	r6, r27
     b66:	97 ff       	sbrs	r25, 7
     b68:	09 c0       	rjmp	.+18     	; 0xb7c <__stack+0x27d>
     b6a:	90 95       	com	r25
     b6c:	80 95       	com	r24
     b6e:	70 95       	com	r23
     b70:	61 95       	neg	r22
     b72:	7f 4f       	sbci	r23, 0xFF	; 255
     b74:	8f 4f       	sbci	r24, 0xFF	; 255
     b76:	9f 4f       	sbci	r25, 0xFF	; 255
     b78:	68 94       	set
     b7a:	67 f8       	bld	r6, 7
     b7c:	2a e0       	ldi	r18, 0x0A	; 10
     b7e:	30 e0       	ldi	r19, 0x00	; 0
     b80:	a4 01       	movw	r20, r8
     b82:	0e 94 62 08 	call	0x10c4	; 0x10c4 <__ultoa_invert>
     b86:	a8 2e       	mov	r10, r24
     b88:	a8 18       	sub	r10, r8
     b8a:	ba 2c       	mov	r11, r10
     b8c:	06 2d       	mov	r16, r6
     b8e:	66 fe       	sbrs	r6, 6
     b90:	0a c0       	rjmp	.+20     	; 0xba6 <__stack+0x2a7>
     b92:	0e 7f       	andi	r16, 0xFE	; 254
     b94:	a1 16       	cp	r10, r17
     b96:	38 f4       	brcc	.+14     	; 0xba6 <__stack+0x2a7>
     b98:	64 fe       	sbrs	r6, 4
     b9a:	04 c0       	rjmp	.+8      	; 0xba4 <__stack+0x2a5>
     b9c:	62 fc       	sbrc	r6, 2
     b9e:	02 c0       	rjmp	.+4      	; 0xba4 <__stack+0x2a5>
     ba0:	06 2d       	mov	r16, r6
     ba2:	0e 7e       	andi	r16, 0xEE	; 238
     ba4:	b1 2e       	mov	r11, r17
     ba6:	04 ff       	sbrs	r16, 4
     ba8:	8f c0       	rjmp	.+286    	; 0xcc8 <__stack+0x3c9>
     baa:	fe 01       	movw	r30, r28
     bac:	ea 0d       	add	r30, r10
     bae:	f1 1d       	adc	r31, r1
     bb0:	80 81       	ld	r24, Z
     bb2:	80 33       	cpi	r24, 0x30	; 48
     bb4:	09 f0       	breq	.+2      	; 0xbb8 <__stack+0x2b9>
     bb6:	81 c0       	rjmp	.+258    	; 0xcba <__stack+0x3bb>
     bb8:	09 7e       	andi	r16, 0xE9	; 233
     bba:	50 2f       	mov	r21, r16
     bbc:	58 70       	andi	r21, 0x08	; 8
     bbe:	55 2e       	mov	r5, r21
     bc0:	03 fd       	sbrc	r16, 3
     bc2:	91 c0       	rjmp	.+290    	; 0xce6 <__stack+0x3e7>
     bc4:	00 ff       	sbrs	r16, 0
     bc6:	8b c0       	rjmp	.+278    	; 0xcde <__stack+0x3df>
     bc8:	1a 2d       	mov	r17, r10
     bca:	b7 14       	cp	r11, r7
     bcc:	18 f4       	brcc	.+6      	; 0xbd4 <__stack+0x2d5>
     bce:	7a 0c       	add	r7, r10
     bd0:	17 2d       	mov	r17, r7
     bd2:	1b 19       	sub	r17, r11
     bd4:	04 ff       	sbrs	r16, 4
     bd6:	8d c0       	rjmp	.+282    	; 0xcf2 <__stack+0x3f3>
     bd8:	b7 01       	movw	r22, r14
     bda:	80 e3       	ldi	r24, 0x30	; 48
     bdc:	90 e0       	ldi	r25, 0x00	; 0
     bde:	0e 94 0f 08 	call	0x101e	; 0x101e <fputc>
     be2:	02 ff       	sbrs	r16, 2
     be4:	07 c0       	rjmp	.+14     	; 0xbf4 <__stack+0x2f5>
     be6:	88 e7       	ldi	r24, 0x78	; 120
     be8:	01 fd       	sbrc	r16, 1
     bea:	88 e5       	ldi	r24, 0x58	; 88
     bec:	90 e0       	ldi	r25, 0x00	; 0
     bee:	b7 01       	movw	r22, r14
     bf0:	0e 94 0f 08 	call	0x101e	; 0x101e <fputc>
     bf4:	a1 16       	cp	r10, r17
     bf6:	08 f4       	brcc	.+2      	; 0xbfa <__stack+0x2fb>
     bf8:	88 c0       	rjmp	.+272    	; 0xd0a <__stack+0x40b>
     bfa:	aa 94       	dec	r10
     bfc:	0a 2d       	mov	r16, r10
     bfe:	10 e0       	ldi	r17, 0x00	; 0
     c00:	0f 5f       	subi	r16, 0xFF	; 255
     c02:	1f 4f       	sbci	r17, 0xFF	; 255
     c04:	08 0d       	add	r16, r8
     c06:	19 1d       	adc	r17, r9
     c08:	d8 01       	movw	r26, r16
     c0a:	8e 91       	ld	r24, -X
     c0c:	8d 01       	movw	r16, r26
     c0e:	b7 01       	movw	r22, r14
     c10:	90 e0       	ldi	r25, 0x00	; 0
     c12:	0e 94 0f 08 	call	0x101e	; 0x101e <fputc>
     c16:	08 15       	cp	r16, r8
     c18:	19 05       	cpc	r17, r9
     c1a:	b1 f7       	brne	.-20     	; 0xc08 <__stack+0x309>
     c1c:	26 ce       	rjmp	.-948    	; 0x86a <vfprintf+0x216>
     c1e:	d5 01       	movw	r26, r10
     c20:	6d 91       	ld	r22, X+
     c22:	7d 91       	ld	r23, X+
     c24:	6d 01       	movw	r12, r26
     c26:	07 2e       	mov	r0, r23
     c28:	00 0c       	add	r0, r0
     c2a:	88 0b       	sbc	r24, r24
     c2c:	99 0b       	sbc	r25, r25
     c2e:	98 cf       	rjmp	.-208    	; 0xb60 <__stack+0x261>
     c30:	06 2d       	mov	r16, r6
     c32:	85 37       	cpi	r24, 0x75	; 117
     c34:	e1 f4       	brne	.+56     	; 0xc6e <__stack+0x36f>
     c36:	0f 7e       	andi	r16, 0xEF	; 239
     c38:	2a e0       	ldi	r18, 0x0A	; 10
     c3a:	30 e0       	ldi	r19, 0x00	; 0
     c3c:	07 ff       	sbrs	r16, 7
     c3e:	35 c0       	rjmp	.+106    	; 0xcaa <__stack+0x3ab>
     c40:	d5 01       	movw	r26, r10
     c42:	4d 91       	ld	r20, X+
     c44:	5d 91       	ld	r21, X+
     c46:	6d 91       	ld	r22, X+
     c48:	7d 91       	ld	r23, X+
     c4a:	6d 01       	movw	r12, r26
     c4c:	4c 87       	std	Y+12, r20	; 0x0c
     c4e:	5d 87       	std	Y+13, r21	; 0x0d
     c50:	6e 87       	std	Y+14, r22	; 0x0e
     c52:	7f 87       	std	Y+15, r23	; 0x0f
     c54:	a4 01       	movw	r20, r8
     c56:	6c 85       	ldd	r22, Y+12	; 0x0c
     c58:	7d 85       	ldd	r23, Y+13	; 0x0d
     c5a:	8e 85       	ldd	r24, Y+14	; 0x0e
     c5c:	9f 85       	ldd	r25, Y+15	; 0x0f
     c5e:	0e 94 62 08 	call	0x10c4	; 0x10c4 <__ultoa_invert>
     c62:	a8 2e       	mov	r10, r24
     c64:	a8 18       	sub	r10, r8
     c66:	60 2e       	mov	r6, r16
     c68:	e8 94       	clt
     c6a:	67 f8       	bld	r6, 7
     c6c:	8e cf       	rjmp	.-228    	; 0xb8a <__stack+0x28b>
     c6e:	09 7f       	andi	r16, 0xF9	; 249
     c70:	80 37       	cpi	r24, 0x70	; 112
     c72:	91 f0       	breq	.+36     	; 0xc98 <__stack+0x399>
     c74:	58 f4       	brcc	.+22     	; 0xc8c <__stack+0x38d>
     c76:	88 35       	cpi	r24, 0x58	; 88
     c78:	89 f0       	breq	.+34     	; 0xc9c <__stack+0x39d>
     c7a:	8f 36       	cpi	r24, 0x6F	; 111
     c7c:	a1 f0       	breq	.+40     	; 0xca6 <__stack+0x3a7>
     c7e:	f7 01       	movw	r30, r14
     c80:	86 81       	ldd	r24, Z+6	; 0x06
     c82:	97 81       	ldd	r25, Z+7	; 0x07
     c84:	63 96       	adiw	r28, 0x13	; 19
     c86:	e2 e1       	ldi	r30, 0x12	; 18
     c88:	0c 94 fd 06 	jmp	0xdfa	; 0xdfa <__epilogue_restores__>
     c8c:	88 37       	cpi	r24, 0x78	; 120
     c8e:	b9 f7       	brne	.-18     	; 0xc7e <__stack+0x37f>
     c90:	04 fd       	sbrc	r16, 4
     c92:	04 60       	ori	r16, 0x04	; 4
     c94:	20 e1       	ldi	r18, 0x10	; 16
     c96:	d1 cf       	rjmp	.-94     	; 0xc3a <__stack+0x33b>
     c98:	00 61       	ori	r16, 0x10	; 16
     c9a:	fa cf       	rjmp	.-12     	; 0xc90 <__stack+0x391>
     c9c:	64 fc       	sbrc	r6, 4
     c9e:	06 60       	ori	r16, 0x06	; 6
     ca0:	20 e1       	ldi	r18, 0x10	; 16
     ca2:	32 e0       	ldi	r19, 0x02	; 2
     ca4:	cb cf       	rjmp	.-106    	; 0xc3c <__stack+0x33d>
     ca6:	28 e0       	ldi	r18, 0x08	; 8
     ca8:	c8 cf       	rjmp	.-112    	; 0xc3a <__stack+0x33b>
     caa:	f5 01       	movw	r30, r10
     cac:	81 91       	ld	r24, Z+
     cae:	91 91       	ld	r25, Z+
     cb0:	6f 01       	movw	r12, r30
     cb2:	ac 01       	movw	r20, r24
     cb4:	70 e0       	ldi	r23, 0x00	; 0
     cb6:	60 e0       	ldi	r22, 0x00	; 0
     cb8:	c9 cf       	rjmp	.-110    	; 0xc4c <__stack+0x34d>
     cba:	02 fd       	sbrc	r16, 2
     cbc:	02 c0       	rjmp	.+4      	; 0xcc2 <__stack+0x3c3>
     cbe:	b3 94       	inc	r11
     cc0:	7c cf       	rjmp	.-264    	; 0xbba <__stack+0x2bb>
     cc2:	b3 94       	inc	r11
     cc4:	b3 94       	inc	r11
     cc6:	79 cf       	rjmp	.-270    	; 0xbba <__stack+0x2bb>
     cc8:	80 2f       	mov	r24, r16
     cca:	86 78       	andi	r24, 0x86	; 134
     ccc:	09 f4       	brne	.+2      	; 0xcd0 <__stack+0x3d1>
     cce:	75 cf       	rjmp	.-278    	; 0xbba <__stack+0x2bb>
     cd0:	f6 cf       	rjmp	.-20     	; 0xcbe <__stack+0x3bf>
     cd2:	b7 01       	movw	r22, r14
     cd4:	80 e2       	ldi	r24, 0x20	; 32
     cd6:	90 e0       	ldi	r25, 0x00	; 0
     cd8:	0e 94 0f 08 	call	0x101e	; 0x101e <fputc>
     cdc:	b3 94       	inc	r11
     cde:	b7 14       	cp	r11, r7
     ce0:	c0 f3       	brcs	.-16     	; 0xcd2 <__stack+0x3d3>
     ce2:	51 2c       	mov	r5, r1
     ce4:	77 cf       	rjmp	.-274    	; 0xbd4 <__stack+0x2d5>
     ce6:	57 2c       	mov	r5, r7
     ce8:	5b 18       	sub	r5, r11
     cea:	b7 14       	cp	r11, r7
     cec:	08 f4       	brcc	.+2      	; 0xcf0 <__stack+0x3f1>
     cee:	72 cf       	rjmp	.-284    	; 0xbd4 <__stack+0x2d5>
     cf0:	f8 cf       	rjmp	.-16     	; 0xce2 <__stack+0x3e3>
     cf2:	80 2f       	mov	r24, r16
     cf4:	86 78       	andi	r24, 0x86	; 134
     cf6:	09 f4       	brne	.+2      	; 0xcfa <__stack+0x3fb>
     cf8:	7d cf       	rjmp	.-262    	; 0xbf4 <__stack+0x2f5>
     cfa:	8b e2       	ldi	r24, 0x2B	; 43
     cfc:	01 ff       	sbrs	r16, 1
     cfe:	80 e2       	ldi	r24, 0x20	; 32
     d00:	07 fd       	sbrc	r16, 7
     d02:	8d e2       	ldi	r24, 0x2D	; 45
     d04:	b7 01       	movw	r22, r14
     d06:	90 e0       	ldi	r25, 0x00	; 0
     d08:	73 cf       	rjmp	.-282    	; 0xbf0 <__stack+0x2f1>
     d0a:	b7 01       	movw	r22, r14
     d0c:	80 e3       	ldi	r24, 0x30	; 48
     d0e:	90 e0       	ldi	r25, 0x00	; 0
     d10:	0e 94 0f 08 	call	0x101e	; 0x101e <fputc>
     d14:	11 50       	subi	r17, 0x01	; 1
     d16:	6e cf       	rjmp	.-292    	; 0xbf4 <__stack+0x2f5>
     d18:	8f ef       	ldi	r24, 0xFF	; 255
     d1a:	9f ef       	ldi	r25, 0xFF	; 255
     d1c:	b3 cf       	rjmp	.-154    	; 0xc84 <__stack+0x385>
     d1e:	24 e0       	ldi	r18, 0x04	; 4
     d20:	51 2c       	mov	r5, r1
     d22:	27 15       	cp	r18, r7
     d24:	08 f0       	brcs	.+2      	; 0xd28 <__stack+0x429>
     d26:	6c cd       	rjmp	.-1320   	; 0x800 <vfprintf+0x1ac>
     d28:	84 e0       	ldi	r24, 0x04	; 4
     d2a:	5c cd       	rjmp	.-1352   	; 0x7e4 <vfprintf+0x190>

00000d2c <main>:
     d2c:	cd b7       	in	r28, 0x3d	; 61
     d2e:	de b7       	in	r29, 0x3e	; 62
     d30:	6e 97       	sbiw	r28, 0x1e	; 30
     d32:	0f b6       	in	r0, 0x3f	; 63
     d34:	f8 94       	cli
     d36:	de bf       	out	0x3e, r29	; 62
     d38:	0f be       	out	0x3f, r0	; 63
     d3a:	cd bf       	out	0x3d, r28	; 61
     d3c:	0e 94 e3 01 	call	0x3c6	; 0x3c6 <nokia_lcd_init>
     d40:	0e 94 26 02 	call	0x44c	; 0x44c <nokia_lcd_clear>
     d44:	65 e0       	ldi	r22, 0x05	; 5
     d46:	71 e0       	ldi	r23, 0x01	; 1
     d48:	81 e0       	ldi	r24, 0x01	; 1
     d4a:	0e 94 f6 02 	call	0x5ec	; 0x5ec <nokia_lcd_custom>
     d4e:	65 e0       	ldi	r22, 0x05	; 5
     d50:	71 e0       	ldi	r23, 0x01	; 1
     d52:	82 e0       	ldi	r24, 0x02	; 2
     d54:	0e 94 f6 02 	call	0x5ec	; 0x5ec <nokia_lcd_custom>
     d58:	61 e0       	ldi	r22, 0x01	; 1
     d5a:	8a e0       	ldi	r24, 0x0A	; 10
     d5c:	91 e0       	ldi	r25, 0x01	; 1
     d5e:	0e 94 00 03 	call	0x600	; 0x600 <nokia_lcd_write_string>
     d62:	6c e0       	ldi	r22, 0x0C	; 12
     d64:	80 e0       	ldi	r24, 0x00	; 0
     d66:	0e 94 10 03 	call	0x620	; 0x620 <nokia_lcd_set_cursor>
     d6a:	62 e0       	ldi	r22, 0x02	; 2
     d6c:	88 e1       	ldi	r24, 0x18	; 24
     d6e:	91 e0       	ldi	r25, 0x01	; 1
     d70:	0e 94 00 03 	call	0x600	; 0x600 <nokia_lcd_write_string>
     d74:	0e 94 15 03 	call	0x62a	; 0x62a <nokia_lcd_render>
     d78:	00 e2       	ldi	r16, 0x20	; 32
     d7a:	11 e0       	ldi	r17, 0x01	; 1
     d7c:	ce 01       	movw	r24, r28
     d7e:	01 96       	adiw	r24, 0x01	; 1
     d80:	7c 01       	movw	r14, r24
     d82:	1f 93       	push	r17
     d84:	0f 93       	push	r16
     d86:	ff 92       	push	r15
     d88:	ef 92       	push	r14
     d8a:	0e 94 3f 08 	call	0x107e	; 0x107e <sprintf>
     d8e:	9f ef       	ldi	r25, 0xFF	; 255
     d90:	23 ed       	ldi	r18, 0xD3	; 211
     d92:	80 e3       	ldi	r24, 0x30	; 48
     d94:	91 50       	subi	r25, 0x01	; 1
     d96:	20 40       	sbci	r18, 0x00	; 0
     d98:	80 40       	sbci	r24, 0x00	; 0
     d9a:	e1 f7       	brne	.-8      	; 0xd94 <main+0x68>
     d9c:	00 c0       	rjmp	.+0      	; 0xd9e <main+0x72>
     d9e:	00 00       	nop
     da0:	0f 90       	pop	r0
     da2:	0f 90       	pop	r0
     da4:	0f 90       	pop	r0
     da6:	0f 90       	pop	r0
     da8:	ec cf       	rjmp	.-40     	; 0xd82 <main+0x56>

00000daa <__udivmodqi4>:
     daa:	99 1b       	sub	r25, r25
     dac:	79 e0       	ldi	r23, 0x09	; 9
     dae:	04 c0       	rjmp	.+8      	; 0xdb8 <__udivmodqi4_ep>

00000db0 <__udivmodqi4_loop>:
     db0:	99 1f       	adc	r25, r25
     db2:	96 17       	cp	r25, r22
     db4:	08 f0       	brcs	.+2      	; 0xdb8 <__udivmodqi4_ep>
     db6:	96 1b       	sub	r25, r22

00000db8 <__udivmodqi4_ep>:
     db8:	88 1f       	adc	r24, r24
     dba:	7a 95       	dec	r23
     dbc:	c9 f7       	brne	.-14     	; 0xdb0 <__udivmodqi4_loop>
     dbe:	80 95       	com	r24
     dc0:	08 95       	ret

00000dc2 <__prologue_saves__>:
     dc2:	2f 92       	push	r2
     dc4:	3f 92       	push	r3
     dc6:	4f 92       	push	r4
     dc8:	5f 92       	push	r5
     dca:	6f 92       	push	r6
     dcc:	7f 92       	push	r7
     dce:	8f 92       	push	r8
     dd0:	9f 92       	push	r9
     dd2:	af 92       	push	r10
     dd4:	bf 92       	push	r11
     dd6:	cf 92       	push	r12
     dd8:	df 92       	push	r13
     dda:	ef 92       	push	r14
     ddc:	ff 92       	push	r15
     dde:	0f 93       	push	r16
     de0:	1f 93       	push	r17
     de2:	cf 93       	push	r28
     de4:	df 93       	push	r29
     de6:	cd b7       	in	r28, 0x3d	; 61
     de8:	de b7       	in	r29, 0x3e	; 62
     dea:	ca 1b       	sub	r28, r26
     dec:	db 0b       	sbc	r29, r27
     dee:	0f b6       	in	r0, 0x3f	; 63
     df0:	f8 94       	cli
     df2:	de bf       	out	0x3e, r29	; 62
     df4:	0f be       	out	0x3f, r0	; 63
     df6:	cd bf       	out	0x3d, r28	; 61
     df8:	09 94       	ijmp

00000dfa <__epilogue_restores__>:
     dfa:	2a 88       	ldd	r2, Y+18	; 0x12
     dfc:	39 88       	ldd	r3, Y+17	; 0x11
     dfe:	48 88       	ldd	r4, Y+16	; 0x10
     e00:	5f 84       	ldd	r5, Y+15	; 0x0f
     e02:	6e 84       	ldd	r6, Y+14	; 0x0e
     e04:	7d 84       	ldd	r7, Y+13	; 0x0d
     e06:	8c 84       	ldd	r8, Y+12	; 0x0c
     e08:	9b 84       	ldd	r9, Y+11	; 0x0b
     e0a:	aa 84       	ldd	r10, Y+10	; 0x0a
     e0c:	b9 84       	ldd	r11, Y+9	; 0x09
     e0e:	c8 84       	ldd	r12, Y+8	; 0x08
     e10:	df 80       	ldd	r13, Y+7	; 0x07
     e12:	ee 80       	ldd	r14, Y+6	; 0x06
     e14:	fd 80       	ldd	r15, Y+5	; 0x05
     e16:	0c 81       	ldd	r16, Y+4	; 0x04
     e18:	1b 81       	ldd	r17, Y+3	; 0x03
     e1a:	aa 81       	ldd	r26, Y+2	; 0x02
     e1c:	b9 81       	ldd	r27, Y+1	; 0x01
     e1e:	ce 0f       	add	r28, r30
     e20:	d1 1d       	adc	r29, r1
     e22:	0f b6       	in	r0, 0x3f	; 63
     e24:	f8 94       	cli
     e26:	de bf       	out	0x3e, r29	; 62
     e28:	0f be       	out	0x3f, r0	; 63
     e2a:	cd bf       	out	0x3d, r28	; 61
     e2c:	ed 01       	movw	r28, r26
     e2e:	08 95       	ret

00000e30 <__ftoa_engine>:
     e30:	28 30       	cpi	r18, 0x08	; 8
     e32:	08 f0       	brcs	.+2      	; 0xe36 <__ftoa_engine+0x6>
     e34:	27 e0       	ldi	r18, 0x07	; 7
     e36:	33 27       	eor	r19, r19
     e38:	da 01       	movw	r26, r20
     e3a:	99 0f       	add	r25, r25
     e3c:	31 1d       	adc	r19, r1
     e3e:	87 fd       	sbrc	r24, 7
     e40:	91 60       	ori	r25, 0x01	; 1
     e42:	00 96       	adiw	r24, 0x00	; 0
     e44:	61 05       	cpc	r22, r1
     e46:	71 05       	cpc	r23, r1
     e48:	39 f4       	brne	.+14     	; 0xe58 <__ftoa_engine+0x28>
     e4a:	32 60       	ori	r19, 0x02	; 2
     e4c:	2e 5f       	subi	r18, 0xFE	; 254
     e4e:	3d 93       	st	X+, r19
     e50:	30 e3       	ldi	r19, 0x30	; 48
     e52:	2a 95       	dec	r18
     e54:	e1 f7       	brne	.-8      	; 0xe4e <__ftoa_engine+0x1e>
     e56:	08 95       	ret
     e58:	9f 3f       	cpi	r25, 0xFF	; 255
     e5a:	30 f0       	brcs	.+12     	; 0xe68 <__ftoa_engine+0x38>
     e5c:	80 38       	cpi	r24, 0x80	; 128
     e5e:	71 05       	cpc	r23, r1
     e60:	61 05       	cpc	r22, r1
     e62:	09 f0       	breq	.+2      	; 0xe66 <__ftoa_engine+0x36>
     e64:	3c 5f       	subi	r19, 0xFC	; 252
     e66:	3c 5f       	subi	r19, 0xFC	; 252
     e68:	3d 93       	st	X+, r19
     e6a:	91 30       	cpi	r25, 0x01	; 1
     e6c:	08 f0       	brcs	.+2      	; 0xe70 <__ftoa_engine+0x40>
     e6e:	80 68       	ori	r24, 0x80	; 128
     e70:	91 1d       	adc	r25, r1
     e72:	df 93       	push	r29
     e74:	cf 93       	push	r28
     e76:	1f 93       	push	r17
     e78:	0f 93       	push	r16
     e7a:	ff 92       	push	r15
     e7c:	ef 92       	push	r14
     e7e:	19 2f       	mov	r17, r25
     e80:	98 7f       	andi	r25, 0xF8	; 248
     e82:	96 95       	lsr	r25
     e84:	e9 2f       	mov	r30, r25
     e86:	96 95       	lsr	r25
     e88:	96 95       	lsr	r25
     e8a:	e9 0f       	add	r30, r25
     e8c:	ff 27       	eor	r31, r31
     e8e:	e6 53       	subi	r30, 0x36	; 54
     e90:	ff 4f       	sbci	r31, 0xFF	; 255
     e92:	99 27       	eor	r25, r25
     e94:	33 27       	eor	r19, r19
     e96:	ee 24       	eor	r14, r14
     e98:	ff 24       	eor	r15, r15
     e9a:	a7 01       	movw	r20, r14
     e9c:	e7 01       	movw	r28, r14
     e9e:	05 90       	lpm	r0, Z+
     ea0:	08 94       	sec
     ea2:	07 94       	ror	r0
     ea4:	28 f4       	brcc	.+10     	; 0xeb0 <__ftoa_engine+0x80>
     ea6:	36 0f       	add	r19, r22
     ea8:	e7 1e       	adc	r14, r23
     eaa:	f8 1e       	adc	r15, r24
     eac:	49 1f       	adc	r20, r25
     eae:	51 1d       	adc	r21, r1
     eb0:	66 0f       	add	r22, r22
     eb2:	77 1f       	adc	r23, r23
     eb4:	88 1f       	adc	r24, r24
     eb6:	99 1f       	adc	r25, r25
     eb8:	06 94       	lsr	r0
     eba:	a1 f7       	brne	.-24     	; 0xea4 <__ftoa_engine+0x74>
     ebc:	05 90       	lpm	r0, Z+
     ebe:	07 94       	ror	r0
     ec0:	28 f4       	brcc	.+10     	; 0xecc <__ftoa_engine+0x9c>
     ec2:	e7 0e       	add	r14, r23
     ec4:	f8 1e       	adc	r15, r24
     ec6:	49 1f       	adc	r20, r25
     ec8:	56 1f       	adc	r21, r22
     eca:	c1 1d       	adc	r28, r1
     ecc:	77 0f       	add	r23, r23
     ece:	88 1f       	adc	r24, r24
     ed0:	99 1f       	adc	r25, r25
     ed2:	66 1f       	adc	r22, r22
     ed4:	06 94       	lsr	r0
     ed6:	a1 f7       	brne	.-24     	; 0xec0 <__ftoa_engine+0x90>
     ed8:	05 90       	lpm	r0, Z+
     eda:	07 94       	ror	r0
     edc:	28 f4       	brcc	.+10     	; 0xee8 <__ftoa_engine+0xb8>
     ede:	f8 0e       	add	r15, r24
     ee0:	49 1f       	adc	r20, r25
     ee2:	56 1f       	adc	r21, r22
     ee4:	c7 1f       	adc	r28, r23
     ee6:	d1 1d       	adc	r29, r1
     ee8:	88 0f       	add	r24, r24
     eea:	99 1f       	adc	r25, r25
     eec:	66 1f       	adc	r22, r22
     eee:	77 1f       	adc	r23, r23
     ef0:	06 94       	lsr	r0
     ef2:	a1 f7       	brne	.-24     	; 0xedc <__ftoa_engine+0xac>
     ef4:	05 90       	lpm	r0, Z+
     ef6:	07 94       	ror	r0
     ef8:	20 f4       	brcc	.+8      	; 0xf02 <__ftoa_engine+0xd2>
     efa:	49 0f       	add	r20, r25
     efc:	56 1f       	adc	r21, r22
     efe:	c7 1f       	adc	r28, r23
     f00:	d8 1f       	adc	r29, r24
     f02:	99 0f       	add	r25, r25
     f04:	66 1f       	adc	r22, r22
     f06:	77 1f       	adc	r23, r23
     f08:	88 1f       	adc	r24, r24
     f0a:	06 94       	lsr	r0
     f0c:	a9 f7       	brne	.-22     	; 0xef8 <__ftoa_engine+0xc8>
     f0e:	84 91       	lpm	r24, Z
     f10:	10 95       	com	r17
     f12:	17 70       	andi	r17, 0x07	; 7
     f14:	41 f0       	breq	.+16     	; 0xf26 <__ftoa_engine+0xf6>
     f16:	d6 95       	lsr	r29
     f18:	c7 95       	ror	r28
     f1a:	57 95       	ror	r21
     f1c:	47 95       	ror	r20
     f1e:	f7 94       	ror	r15
     f20:	e7 94       	ror	r14
     f22:	1a 95       	dec	r17
     f24:	c1 f7       	brne	.-16     	; 0xf16 <__ftoa_engine+0xe6>
     f26:	e0 e7       	ldi	r30, 0x70	; 112
     f28:	f0 e0       	ldi	r31, 0x00	; 0
     f2a:	68 94       	set
     f2c:	15 90       	lpm	r1, Z+
     f2e:	15 91       	lpm	r17, Z+
     f30:	35 91       	lpm	r19, Z+
     f32:	65 91       	lpm	r22, Z+
     f34:	95 91       	lpm	r25, Z+
     f36:	05 90       	lpm	r0, Z+
     f38:	7f e2       	ldi	r23, 0x2F	; 47
     f3a:	73 95       	inc	r23
     f3c:	e1 18       	sub	r14, r1
     f3e:	f1 0a       	sbc	r15, r17
     f40:	43 0b       	sbc	r20, r19
     f42:	56 0b       	sbc	r21, r22
     f44:	c9 0b       	sbc	r28, r25
     f46:	d0 09       	sbc	r29, r0
     f48:	c0 f7       	brcc	.-16     	; 0xf3a <__ftoa_engine+0x10a>
     f4a:	e1 0c       	add	r14, r1
     f4c:	f1 1e       	adc	r15, r17
     f4e:	43 1f       	adc	r20, r19
     f50:	56 1f       	adc	r21, r22
     f52:	c9 1f       	adc	r28, r25
     f54:	d0 1d       	adc	r29, r0
     f56:	7e f4       	brtc	.+30     	; 0xf76 <__ftoa_engine+0x146>
     f58:	70 33       	cpi	r23, 0x30	; 48
     f5a:	11 f4       	brne	.+4      	; 0xf60 <__ftoa_engine+0x130>
     f5c:	8a 95       	dec	r24
     f5e:	e6 cf       	rjmp	.-52     	; 0xf2c <__ftoa_engine+0xfc>
     f60:	e8 94       	clt
     f62:	01 50       	subi	r16, 0x01	; 1
     f64:	30 f0       	brcs	.+12     	; 0xf72 <__ftoa_engine+0x142>
     f66:	08 0f       	add	r16, r24
     f68:	0a f4       	brpl	.+2      	; 0xf6c <__ftoa_engine+0x13c>
     f6a:	00 27       	eor	r16, r16
     f6c:	02 17       	cp	r16, r18
     f6e:	08 f4       	brcc	.+2      	; 0xf72 <__ftoa_engine+0x142>
     f70:	20 2f       	mov	r18, r16
     f72:	23 95       	inc	r18
     f74:	02 2f       	mov	r16, r18
     f76:	7a 33       	cpi	r23, 0x3A	; 58
     f78:	28 f0       	brcs	.+10     	; 0xf84 <__ftoa_engine+0x154>
     f7a:	79 e3       	ldi	r23, 0x39	; 57
     f7c:	7d 93       	st	X+, r23
     f7e:	2a 95       	dec	r18
     f80:	e9 f7       	brne	.-6      	; 0xf7c <__ftoa_engine+0x14c>
     f82:	10 c0       	rjmp	.+32     	; 0xfa4 <__ftoa_engine+0x174>
     f84:	7d 93       	st	X+, r23
     f86:	2a 95       	dec	r18
     f88:	89 f6       	brne	.-94     	; 0xf2c <__ftoa_engine+0xfc>
     f8a:	06 94       	lsr	r0
     f8c:	97 95       	ror	r25
     f8e:	67 95       	ror	r22
     f90:	37 95       	ror	r19
     f92:	17 95       	ror	r17
     f94:	17 94       	ror	r1
     f96:	e1 18       	sub	r14, r1
     f98:	f1 0a       	sbc	r15, r17
     f9a:	43 0b       	sbc	r20, r19
     f9c:	56 0b       	sbc	r21, r22
     f9e:	c9 0b       	sbc	r28, r25
     fa0:	d0 09       	sbc	r29, r0
     fa2:	98 f0       	brcs	.+38     	; 0xfca <__ftoa_engine+0x19a>
     fa4:	23 95       	inc	r18
     fa6:	7e 91       	ld	r23, -X
     fa8:	73 95       	inc	r23
     faa:	7a 33       	cpi	r23, 0x3A	; 58
     fac:	08 f0       	brcs	.+2      	; 0xfb0 <__ftoa_engine+0x180>
     fae:	70 e3       	ldi	r23, 0x30	; 48
     fb0:	7c 93       	st	X, r23
     fb2:	20 13       	cpse	r18, r16
     fb4:	b8 f7       	brcc	.-18     	; 0xfa4 <__ftoa_engine+0x174>
     fb6:	7e 91       	ld	r23, -X
     fb8:	70 61       	ori	r23, 0x10	; 16
     fba:	7d 93       	st	X+, r23
     fbc:	30 f0       	brcs	.+12     	; 0xfca <__ftoa_engine+0x19a>
     fbe:	83 95       	inc	r24
     fc0:	71 e3       	ldi	r23, 0x31	; 49
     fc2:	7d 93       	st	X+, r23
     fc4:	70 e3       	ldi	r23, 0x30	; 48
     fc6:	2a 95       	dec	r18
     fc8:	e1 f7       	brne	.-8      	; 0xfc2 <__ftoa_engine+0x192>
     fca:	11 24       	eor	r1, r1
     fcc:	ef 90       	pop	r14
     fce:	ff 90       	pop	r15
     fd0:	0f 91       	pop	r16
     fd2:	1f 91       	pop	r17
     fd4:	cf 91       	pop	r28
     fd6:	df 91       	pop	r29
     fd8:	99 27       	eor	r25, r25
     fda:	87 fd       	sbrc	r24, 7
     fdc:	90 95       	com	r25
     fde:	08 95       	ret

00000fe0 <memcpy_P>:
     fe0:	fb 01       	movw	r30, r22
     fe2:	dc 01       	movw	r26, r24
     fe4:	02 c0       	rjmp	.+4      	; 0xfea <memcpy_P+0xa>
     fe6:	05 90       	lpm	r0, Z+
     fe8:	0d 92       	st	X+, r0
     fea:	41 50       	subi	r20, 0x01	; 1
     fec:	50 40       	sbci	r21, 0x00	; 0
     fee:	d8 f7       	brcc	.-10     	; 0xfe6 <memcpy_P+0x6>
     ff0:	08 95       	ret

00000ff2 <strnlen_P>:
     ff2:	fc 01       	movw	r30, r24
     ff4:	05 90       	lpm	r0, Z+
     ff6:	61 50       	subi	r22, 0x01	; 1
     ff8:	70 40       	sbci	r23, 0x00	; 0
     ffa:	01 10       	cpse	r0, r1
     ffc:	d8 f7       	brcc	.-10     	; 0xff4 <strnlen_P+0x2>
     ffe:	80 95       	com	r24
    1000:	90 95       	com	r25
    1002:	8e 0f       	add	r24, r30
    1004:	9f 1f       	adc	r25, r31
    1006:	08 95       	ret

00001008 <strnlen>:
    1008:	fc 01       	movw	r30, r24
    100a:	61 50       	subi	r22, 0x01	; 1
    100c:	70 40       	sbci	r23, 0x00	; 0
    100e:	01 90       	ld	r0, Z+
    1010:	01 10       	cpse	r0, r1
    1012:	d8 f7       	brcc	.-10     	; 0x100a <strnlen+0x2>
    1014:	80 95       	com	r24
    1016:	90 95       	com	r25
    1018:	8e 0f       	add	r24, r30
    101a:	9f 1f       	adc	r25, r31
    101c:	08 95       	ret

0000101e <fputc>:
    101e:	0f 93       	push	r16
    1020:	1f 93       	push	r17
    1022:	cf 93       	push	r28
    1024:	df 93       	push	r29
    1026:	18 2f       	mov	r17, r24
    1028:	09 2f       	mov	r16, r25
    102a:	eb 01       	movw	r28, r22
    102c:	8b 81       	ldd	r24, Y+3	; 0x03
    102e:	81 fd       	sbrc	r24, 1
    1030:	09 c0       	rjmp	.+18     	; 0x1044 <fputc+0x26>
    1032:	1f ef       	ldi	r17, 0xFF	; 255
    1034:	0f ef       	ldi	r16, 0xFF	; 255
    1036:	81 2f       	mov	r24, r17
    1038:	90 2f       	mov	r25, r16
    103a:	df 91       	pop	r29
    103c:	cf 91       	pop	r28
    103e:	1f 91       	pop	r17
    1040:	0f 91       	pop	r16
    1042:	08 95       	ret
    1044:	82 ff       	sbrs	r24, 2
    1046:	14 c0       	rjmp	.+40     	; 0x1070 <fputc+0x52>
    1048:	2e 81       	ldd	r18, Y+6	; 0x06
    104a:	3f 81       	ldd	r19, Y+7	; 0x07
    104c:	8c 81       	ldd	r24, Y+4	; 0x04
    104e:	9d 81       	ldd	r25, Y+5	; 0x05
    1050:	28 17       	cp	r18, r24
    1052:	39 07       	cpc	r19, r25
    1054:	3c f4       	brge	.+14     	; 0x1064 <fputc+0x46>
    1056:	e8 81       	ld	r30, Y
    1058:	f9 81       	ldd	r31, Y+1	; 0x01
    105a:	cf 01       	movw	r24, r30
    105c:	01 96       	adiw	r24, 0x01	; 1
    105e:	99 83       	std	Y+1, r25	; 0x01
    1060:	88 83       	st	Y, r24
    1062:	10 83       	st	Z, r17
    1064:	8e 81       	ldd	r24, Y+6	; 0x06
    1066:	9f 81       	ldd	r25, Y+7	; 0x07
    1068:	01 96       	adiw	r24, 0x01	; 1
    106a:	9f 83       	std	Y+7, r25	; 0x07
    106c:	8e 83       	std	Y+6, r24	; 0x06
    106e:	e3 cf       	rjmp	.-58     	; 0x1036 <fputc+0x18>
    1070:	e8 85       	ldd	r30, Y+8	; 0x08
    1072:	f9 85       	ldd	r31, Y+9	; 0x09
    1074:	81 2f       	mov	r24, r17
    1076:	09 95       	icall
    1078:	89 2b       	or	r24, r25
    107a:	a1 f3       	breq	.-24     	; 0x1064 <fputc+0x46>
    107c:	da cf       	rjmp	.-76     	; 0x1032 <fputc+0x14>

0000107e <sprintf>:
    107e:	ae e0       	ldi	r26, 0x0E	; 14
    1080:	b0 e0       	ldi	r27, 0x00	; 0
    1082:	e5 e4       	ldi	r30, 0x45	; 69
    1084:	f8 e0       	ldi	r31, 0x08	; 8
    1086:	0c 94 ef 06 	jmp	0xdde	; 0xdde <__prologue_saves__+0x1c>
    108a:	0d 89       	ldd	r16, Y+21	; 0x15
    108c:	1e 89       	ldd	r17, Y+22	; 0x16
    108e:	86 e0       	ldi	r24, 0x06	; 6
    1090:	8c 83       	std	Y+4, r24	; 0x04
    1092:	1a 83       	std	Y+2, r17	; 0x02
    1094:	09 83       	std	Y+1, r16	; 0x01
    1096:	8f ef       	ldi	r24, 0xFF	; 255
    1098:	9f e7       	ldi	r25, 0x7F	; 127
    109a:	9e 83       	std	Y+6, r25	; 0x06
    109c:	8d 83       	std	Y+5, r24	; 0x05
    109e:	ae 01       	movw	r20, r28
    10a0:	47 5e       	subi	r20, 0xE7	; 231
    10a2:	5f 4f       	sbci	r21, 0xFF	; 255
    10a4:	6f 89       	ldd	r22, Y+23	; 0x17
    10a6:	78 8d       	ldd	r23, Y+24	; 0x18
    10a8:	ce 01       	movw	r24, r28
    10aa:	01 96       	adiw	r24, 0x01	; 1
    10ac:	0e 94 2a 03 	call	0x654	; 0x654 <vfprintf>
    10b0:	2f 81       	ldd	r18, Y+7	; 0x07
    10b2:	38 85       	ldd	r19, Y+8	; 0x08
    10b4:	02 0f       	add	r16, r18
    10b6:	13 1f       	adc	r17, r19
    10b8:	f8 01       	movw	r30, r16
    10ba:	10 82       	st	Z, r1
    10bc:	2e 96       	adiw	r28, 0x0e	; 14
    10be:	e4 e0       	ldi	r30, 0x04	; 4
    10c0:	0c 94 0b 07 	jmp	0xe16	; 0xe16 <__epilogue_restores__+0x1c>

000010c4 <__ultoa_invert>:
    10c4:	fa 01       	movw	r30, r20
    10c6:	aa 27       	eor	r26, r26
    10c8:	28 30       	cpi	r18, 0x08	; 8
    10ca:	51 f1       	breq	.+84     	; 0x1120 <__ultoa_invert+0x5c>
    10cc:	20 31       	cpi	r18, 0x10	; 16
    10ce:	81 f1       	breq	.+96     	; 0x1130 <__ultoa_invert+0x6c>
    10d0:	e8 94       	clt
    10d2:	6f 93       	push	r22
    10d4:	6e 7f       	andi	r22, 0xFE	; 254
    10d6:	6e 5f       	subi	r22, 0xFE	; 254
    10d8:	7f 4f       	sbci	r23, 0xFF	; 255
    10da:	8f 4f       	sbci	r24, 0xFF	; 255
    10dc:	9f 4f       	sbci	r25, 0xFF	; 255
    10de:	af 4f       	sbci	r26, 0xFF	; 255
    10e0:	b1 e0       	ldi	r27, 0x01	; 1
    10e2:	3e d0       	rcall	.+124    	; 0x1160 <__ultoa_invert+0x9c>
    10e4:	b4 e0       	ldi	r27, 0x04	; 4
    10e6:	3c d0       	rcall	.+120    	; 0x1160 <__ultoa_invert+0x9c>
    10e8:	67 0f       	add	r22, r23
    10ea:	78 1f       	adc	r23, r24
    10ec:	89 1f       	adc	r24, r25
    10ee:	9a 1f       	adc	r25, r26
    10f0:	a1 1d       	adc	r26, r1
    10f2:	68 0f       	add	r22, r24
    10f4:	79 1f       	adc	r23, r25
    10f6:	8a 1f       	adc	r24, r26
    10f8:	91 1d       	adc	r25, r1
    10fa:	a1 1d       	adc	r26, r1
    10fc:	6a 0f       	add	r22, r26
    10fe:	71 1d       	adc	r23, r1
    1100:	81 1d       	adc	r24, r1
    1102:	91 1d       	adc	r25, r1
    1104:	a1 1d       	adc	r26, r1
    1106:	20 d0       	rcall	.+64     	; 0x1148 <__ultoa_invert+0x84>
    1108:	09 f4       	brne	.+2      	; 0x110c <__ultoa_invert+0x48>
    110a:	68 94       	set
    110c:	3f 91       	pop	r19
    110e:	2a e0       	ldi	r18, 0x0A	; 10
    1110:	26 9f       	mul	r18, r22
    1112:	11 24       	eor	r1, r1
    1114:	30 19       	sub	r19, r0
    1116:	30 5d       	subi	r19, 0xD0	; 208
    1118:	31 93       	st	Z+, r19
    111a:	de f6       	brtc	.-74     	; 0x10d2 <__ultoa_invert+0xe>
    111c:	cf 01       	movw	r24, r30
    111e:	08 95       	ret
    1120:	46 2f       	mov	r20, r22
    1122:	47 70       	andi	r20, 0x07	; 7
    1124:	40 5d       	subi	r20, 0xD0	; 208
    1126:	41 93       	st	Z+, r20
    1128:	b3 e0       	ldi	r27, 0x03	; 3
    112a:	0f d0       	rcall	.+30     	; 0x114a <__ultoa_invert+0x86>
    112c:	c9 f7       	brne	.-14     	; 0x1120 <__ultoa_invert+0x5c>
    112e:	f6 cf       	rjmp	.-20     	; 0x111c <__ultoa_invert+0x58>
    1130:	46 2f       	mov	r20, r22
    1132:	4f 70       	andi	r20, 0x0F	; 15
    1134:	40 5d       	subi	r20, 0xD0	; 208
    1136:	4a 33       	cpi	r20, 0x3A	; 58
    1138:	18 f0       	brcs	.+6      	; 0x1140 <__ultoa_invert+0x7c>
    113a:	49 5d       	subi	r20, 0xD9	; 217
    113c:	31 fd       	sbrc	r19, 1
    113e:	40 52       	subi	r20, 0x20	; 32
    1140:	41 93       	st	Z+, r20
    1142:	02 d0       	rcall	.+4      	; 0x1148 <__ultoa_invert+0x84>
    1144:	a9 f7       	brne	.-22     	; 0x1130 <__ultoa_invert+0x6c>
    1146:	ea cf       	rjmp	.-44     	; 0x111c <__ultoa_invert+0x58>
    1148:	b4 e0       	ldi	r27, 0x04	; 4
    114a:	a6 95       	lsr	r26
    114c:	97 95       	ror	r25
    114e:	87 95       	ror	r24
    1150:	77 95       	ror	r23
    1152:	67 95       	ror	r22
    1154:	ba 95       	dec	r27
    1156:	c9 f7       	brne	.-14     	; 0x114a <__ultoa_invert+0x86>
    1158:	00 97       	sbiw	r24, 0x00	; 0
    115a:	61 05       	cpc	r22, r1
    115c:	71 05       	cpc	r23, r1
    115e:	08 95       	ret
    1160:	9b 01       	movw	r18, r22
    1162:	ac 01       	movw	r20, r24
    1164:	0a 2e       	mov	r0, r26
    1166:	06 94       	lsr	r0
    1168:	57 95       	ror	r21
    116a:	47 95       	ror	r20
    116c:	37 95       	ror	r19
    116e:	27 95       	ror	r18
    1170:	ba 95       	dec	r27
    1172:	c9 f7       	brne	.-14     	; 0x1166 <__ultoa_invert+0xa2>
    1174:	62 0f       	add	r22, r18
    1176:	73 1f       	adc	r23, r19
    1178:	84 1f       	adc	r24, r20
    117a:	95 1f       	adc	r25, r21
    117c:	a0 1d       	adc	r26, r0
    117e:	08 95       	ret

00001180 <_exit>:
    1180:	f8 94       	cli

00001182 <__stop_program>:
    1182:	ff cf       	rjmp	.-2      	; 0x1182 <__stop_program>
